{"/Users/eduardomendonca/projetos/cappy/extension/src/agent/agentPreferences.ts": {"path":"/Users/eduardomendonca/projetos/cappy/extension/src/agent/agentPreferences.ts","all":false,"statementMap":{"0":{"start":{"line":1,"column":0},"end":{"line":1,"column":39}},"4":{"start":{"line":5,"column":0},"end":{"line":5,"column":88}},"20":{"start":{"line":21,"column":0},"end":{"line":21,"column":47}},"21":{"start":{"line":22,"column":0},"end":{"line":22,"column":13}},"22":{"start":{"line":23,"column":0},"end":{"line":23,"column":9}},"23":{"start":{"line":24,"column":0},"end":{"line":24,"column":37}},"24":{"start":{"line":25,"column":0},"end":{"line":25,"column":4}},"25":{"start":{"line":26,"column":0},"end":{"line":26,"column":2}},"27":{"start":{"line":28,"column":0},"end":{"line":28,"column":57}},"28":{"start":{"line":29,"column":0},"end":{"line":29,"column":62}},"29":{"start":{"line":30,"column":0},"end":{"line":30,"column":1}},"34":{"start":{"line":35,"column":0},"end":{"line":35,"column":101}},"35":{"start":{"line":36,"column":0},"end":{"line":36,"column":50}},"36":{"start":{"line":37,"column":0},"end":{"line":37,"column":7}},"37":{"start":{"line":38,"column":0},"end":{"line":38,"column":53}},"38":{"start":{"line":39,"column":0},"end":{"line":39,"column":44}},"39":{"start":{"line":40,"column":0},"end":{"line":40,"column":38}},"40":{"start":{"line":41,"column":0},"end":{"line":41,"column":18}},"41":{"start":{"line":42,"column":0},"end":{"line":42,"column":5}},"42":{"start":{"line":43,"column":0},"end":{"line":43,"column":18}},"43":{"start":{"line":44,"column":0},"end":{"line":44,"column":11}},"44":{"start":{"line":45,"column":0},"end":{"line":45,"column":16}},"45":{"start":{"line":46,"column":0},"end":{"line":46,"column":3}},"46":{"start":{"line":47,"column":0},"end":{"line":47,"column":1}},"51":{"start":{"line":52,"column":0},"end":{"line":52,"column":107}},"52":{"start":{"line":53,"column":0},"end":{"line":53,"column":49}},"53":{"start":{"line":54,"column":0},"end":{"line":54,"column":43}},"54":{"start":{"line":55,"column":0},"end":{"line":55,"column":50}},"55":{"start":{"line":56,"column":0},"end":{"line":56,"column":53}},"56":{"start":{"line":57,"column":0},"end":{"line":57,"column":46}},"57":{"start":{"line":58,"column":0},"end":{"line":58,"column":1}},"62":{"start":{"line":63,"column":0},"end":{"line":63,"column":95}},"63":{"start":{"line":64,"column":0},"end":{"line":64,"column":50}},"64":{"start":{"line":65,"column":0},"end":{"line":65,"column":7}},"65":{"start":{"line":66,"column":0},"end":{"line":66,"column":30}},"66":{"start":{"line":67,"column":0},"end":{"line":67,"column":11}},"67":{"start":{"line":68,"column":0},"end":{"line":68,"column":67}},"68":{"start":{"line":69,"column":0},"end":{"line":69,"column":3}},"69":{"start":{"line":70,"column":0},"end":{"line":70,"column":1}},"74":{"start":{"line":75,"column":0},"end":{"line":75,"column":91}},"75":{"start":{"line":76,"column":0},"end":{"line":76,"column":49}},"76":{"start":{"line":77,"column":0},"end":{"line":77,"column":49}},"77":{"start":{"line":78,"column":0},"end":{"line":78,"column":17}},"78":{"start":{"line":79,"column":0},"end":{"line":79,"column":33}},"79":{"start":{"line":80,"column":0},"end":{"line":80,"column":7}},"80":{"start":{"line":81,"column":0},"end":{"line":81,"column":78}},"81":{"start":{"line":82,"column":0},"end":{"line":82,"column":7}},"82":{"start":{"line":83,"column":0},"end":{"line":83,"column":106}},"83":{"start":{"line":84,"column":0},"end":{"line":84,"column":26}},"84":{"start":{"line":85,"column":0},"end":{"line":85,"column":9}},"85":{"start":{"line":86,"column":0},"end":{"line":86,"column":125}},"86":{"start":{"line":87,"column":0},"end":{"line":87,"column":188}},"87":{"start":{"line":88,"column":0},"end":{"line":88,"column":19}},"88":{"start":{"line":89,"column":0},"end":{"line":89,"column":110}},"89":{"start":{"line":90,"column":0},"end":{"line":90,"column":7}},"90":{"start":{"line":91,"column":0},"end":{"line":91,"column":4}},"91":{"start":{"line":92,"column":0},"end":{"line":92,"column":26}},"92":{"start":{"line":93,"column":0},"end":{"line":93,"column":1}},"94":{"start":{"line":95,"column":0},"end":{"line":95,"column":72}},"95":{"start":{"line":96,"column":0},"end":{"line":96,"column":76}},"96":{"start":{"line":97,"column":0},"end":{"line":97,"column":17}},"97":{"start":{"line":98,"column":0},"end":{"line":98,"column":3}},"98":{"start":{"line":99,"column":0},"end":{"line":99,"column":47}},"99":{"start":{"line":100,"column":0},"end":{"line":100,"column":26}},"100":{"start":{"line":101,"column":0},"end":{"line":101,"column":17}},"101":{"start":{"line":102,"column":0},"end":{"line":102,"column":3}},"102":{"start":{"line":103,"column":0},"end":{"line":103,"column":24}},"103":{"start":{"line":104,"column":0},"end":{"line":104,"column":73}},"104":{"start":{"line":105,"column":0},"end":{"line":105,"column":17}},"105":{"start":{"line":106,"column":0},"end":{"line":106,"column":3}},"106":{"start":{"line":107,"column":0},"end":{"line":107,"column":44}},"107":{"start":{"line":108,"column":0},"end":{"line":108,"column":85}},"108":{"start":{"line":109,"column":0},"end":{"line":109,"column":1}}},"s":{"0":1,"4":1,"20":1,"21":1,"22":1,"23":1,"24":1,"25":1,"27":16,"28":16,"29":16,"34":8,"35":8,"36":8,"37":8,"38":7,"39":8,"40":2,"41":2,"42":4,"43":8,"44":2,"45":2,"46":8,"51":6,"52":6,"53":6,"54":6,"55":6,"56":6,"57":6,"62":2,"63":2,"64":2,"65":2,"66":1,"67":1,"68":1,"69":2,"74":1,"75":5,"76":5,"77":5,"78":5,"79":5,"80":5,"81":5,"82":5,"83":5,"84":1,"85":1,"86":1,"87":1,"88":4,"89":5,"90":5,"91":5,"92":5,"94":6,"95":6,"96":0,"97":0,"98":6,"99":6,"100":1,"101":1,"102":5,"103":6,"104":0,"105":0,"106":5,"107":6,"108":6},"branchMap":{"0":{"type":"branch","line":28,"loc":{"start":{"line":28,"column":0},"end":{"line":30,"column":1}},"locations":[{"start":{"line":28,"column":0},"end":{"line":30,"column":1}}]},"1":{"type":"branch","line":35,"loc":{"start":{"line":35,"column":0},"end":{"line":47,"column":1}},"locations":[{"start":{"line":35,"column":0},"end":{"line":47,"column":1}}]},"2":{"type":"branch","line":38,"loc":{"start":{"line":38,"column":51},"end":{"line":40,"column":37}},"locations":[{"start":{"line":38,"column":51},"end":{"line":40,"column":37}}]},"3":{"type":"branch","line":40,"loc":{"start":{"line":40,"column":37},"end":{"line":42,"column":5}},"locations":[{"start":{"line":40,"column":37},"end":{"line":42,"column":5}}]},"4":{"type":"branch","line":42,"loc":{"start":{"line":42,"column":4},"end":{"line":44,"column":10}},"locations":[{"start":{"line":42,"column":4},"end":{"line":44,"column":10}}]},"5":{"type":"branch","line":44,"loc":{"start":{"line":44,"column":2},"end":{"line":46,"column":3}},"locations":[{"start":{"line":44,"column":2},"end":{"line":46,"column":3}}]},"6":{"type":"branch","line":52,"loc":{"start":{"line":52,"column":0},"end":{"line":58,"column":1}},"locations":[{"start":{"line":52,"column":0},"end":{"line":58,"column":1}}]},"7":{"type":"branch","line":63,"loc":{"start":{"line":63,"column":0},"end":{"line":70,"column":1}},"locations":[{"start":{"line":63,"column":0},"end":{"line":70,"column":1}}]},"8":{"type":"branch","line":66,"loc":{"start":{"line":66,"column":28},"end":{"line":69,"column":3}},"locations":[{"start":{"line":66,"column":28},"end":{"line":69,"column":3}}]},"9":{"type":"branch","line":75,"loc":{"start":{"line":75,"column":7},"end":{"line":93,"column":1}},"locations":[{"start":{"line":75,"column":7},"end":{"line":93,"column":1}}]},"10":{"type":"branch","line":76,"loc":{"start":{"line":76,"column":20},"end":{"line":76,"column":49}},"locations":[{"start":{"line":76,"column":20},"end":{"line":76,"column":49}}]},"11":{"type":"branch","line":84,"loc":{"start":{"line":84,"column":15},"end":{"line":88,"column":19}},"locations":[{"start":{"line":84,"column":15},"end":{"line":88,"column":19}}]},"12":{"type":"branch","line":88,"loc":{"start":{"line":88,"column":18},"end":{"line":89,"column":110}},"locations":[{"start":{"line":88,"column":18},"end":{"line":89,"column":110}}]},"13":{"type":"branch","line":95,"loc":{"start":{"line":95,"column":0},"end":{"line":109,"column":1}},"locations":[{"start":{"line":95,"column":0},"end":{"line":109,"column":1}}]},"14":{"type":"branch","line":96,"loc":{"start":{"line":96,"column":75},"end":{"line":98,"column":3}},"locations":[{"start":{"line":96,"column":75},"end":{"line":98,"column":3}}]},"15":{"type":"branch","line":100,"loc":{"start":{"line":100,"column":25},"end":{"line":102,"column":3}},"locations":[{"start":{"line":100,"column":25},"end":{"line":102,"column":3}}]},"16":{"type":"branch","line":102,"loc":{"start":{"line":102,"column":2},"end":{"line":104,"column":51}},"locations":[{"start":{"line":102,"column":2},"end":{"line":104,"column":51}}]},"17":{"type":"branch","line":104,"loc":{"start":{"line":104,"column":39},"end":{"line":104,"column":72}},"locations":[{"start":{"line":104,"column":39},"end":{"line":104,"column":72}}]},"18":{"type":"branch","line":104,"loc":{"start":{"line":104,"column":72},"end":{"line":106,"column":3}},"locations":[{"start":{"line":104,"column":72},"end":{"line":106,"column":3}}]},"19":{"type":"branch","line":106,"loc":{"start":{"line":106,"column":2},"end":{"line":108,"column":50}},"locations":[{"start":{"line":106,"column":2},"end":{"line":108,"column":50}}]},"20":{"type":"branch","line":108,"loc":{"start":{"line":108,"column":32},"end":{"line":108,"column":85}},"locations":[{"start":{"line":108,"column":32},"end":{"line":108,"column":85}}]}},"b":{"0":[16],"1":[8],"2":[7],"3":[2],"4":[4],"5":[2],"6":[6],"7":[2],"8":[1],"9":[5],"10":[1],"11":[1],"12":[4],"13":[6],"14":[0],"15":[1],"16":[5],"17":[5],"18":[0],"19":[5],"20":[3]},"fnMap":{"0":{"name":"preferencesPath","decl":{"start":{"line":28,"column":0},"end":{"line":30,"column":1}},"loc":{"start":{"line":28,"column":0},"end":{"line":30,"column":1}},"line":28},"1":{"name":"loadAgentPreferences","decl":{"start":{"line":35,"column":0},"end":{"line":47,"column":1}},"loc":{"start":{"line":35,"column":0},"end":{"line":47,"column":1}},"line":35},"2":{"name":"saveAgentPreferences","decl":{"start":{"line":52,"column":0},"end":{"line":58,"column":1}},"loc":{"start":{"line":52,"column":0},"end":{"line":58,"column":1}},"line":52},"3":{"name":"ensureDefaultAgentPreferencesFile","decl":{"start":{"line":63,"column":0},"end":{"line":70,"column":1}},"loc":{"start":{"line":63,"column":0},"end":{"line":70,"column":1}},"line":63},"4":{"name":"formatAgentPreferencesPromptBlock","decl":{"start":{"line":75,"column":7},"end":{"line":93,"column":1}},"loc":{"start":{"line":75,"column":7},"end":{"line":93,"column":1}},"line":75},"5":{"name":"isAgentPreferences","decl":{"start":{"line":95,"column":0},"end":{"line":109,"column":1}},"loc":{"start":{"line":95,"column":0},"end":{"line":109,"column":1}},"line":95}},"f":{"0":16,"1":8,"2":6,"3":2,"4":5,"5":6}}
,"/Users/eduardomendonca/projetos/cappy/extension/src/agent/contextBudget.ts": {"path":"/Users/eduardomendonca/projetos/cappy/extension/src/agent/contextBudget.ts","all":false,"statementMap":{"3":{"start":{"line":4,"column":0},"end":{"line":4,"column":26}},"6":{"start":{"line":7,"column":0},"end":{"line":7,"column":53}},"9":{"start":{"line":10,"column":0},"end":{"line":10,"column":52}},"15":{"start":{"line":16,"column":0},"end":{"line":16,"column":48}},"18":{"start":{"line":19,"column":0},"end":{"line":19,"column":51}},"36":{"start":{"line":37,"column":0},"end":{"line":37,"column":58}},"37":{"start":{"line":38,"column":0},"end":{"line":38,"column":26}},"38":{"start":{"line":39,"column":0},"end":{"line":39,"column":13}},"39":{"start":{"line":40,"column":0},"end":{"line":40,"column":3}},"40":{"start":{"line":41,"column":0},"end":{"line":41,"column":50}},"41":{"start":{"line":42,"column":0},"end":{"line":42,"column":1}},"46":{"start":{"line":47,"column":0},"end":{"line":47,"column":65}},"47":{"start":{"line":48,"column":0},"end":{"line":48,"column":47}},"48":{"start":{"line":49,"column":0},"end":{"line":49,"column":47}},"49":{"start":{"line":50,"column":0},"end":{"line":50,"column":60}},"50":{"start":{"line":51,"column":0},"end":{"line":51,"column":44}},"51":{"start":{"line":52,"column":0},"end":{"line":52,"column":43}},"52":{"start":{"line":53,"column":0},"end":{"line":53,"column":45}},"53":{"start":{"line":54,"column":0},"end":{"line":54,"column":66}},"54":{"start":{"line":55,"column":0},"end":{"line":55,"column":5}},"55":{"start":{"line":56,"column":0},"end":{"line":56,"column":3}},"56":{"start":{"line":57,"column":0},"end":{"line":57,"column":29}},"57":{"start":{"line":58,"column":0},"end":{"line":58,"column":54}},"58":{"start":{"line":59,"column":0},"end":{"line":59,"column":3}},"59":{"start":{"line":60,"column":0},"end":{"line":60,"column":52}},"60":{"start":{"line":61,"column":0},"end":{"line":61,"column":41}},"61":{"start":{"line":62,"column":0},"end":{"line":62,"column":71}},"62":{"start":{"line":63,"column":0},"end":{"line":63,"column":5}},"63":{"start":{"line":64,"column":0},"end":{"line":64,"column":3}},"64":{"start":{"line":65,"column":0},"end":{"line":65,"column":15}},"65":{"start":{"line":66,"column":0},"end":{"line":66,"column":1}},"70":{"start":{"line":71,"column":0},"end":{"line":71,"column":69}},"71":{"start":{"line":72,"column":0},"end":{"line":72,"column":14}},"72":{"start":{"line":73,"column":0},"end":{"line":73,"column":35}},"73":{"start":{"line":74,"column":0},"end":{"line":74,"column":42}},"74":{"start":{"line":75,"column":0},"end":{"line":75,"column":3}},"75":{"start":{"line":76,"column":0},"end":{"line":76,"column":13}},"76":{"start":{"line":77,"column":0},"end":{"line":77,"column":1}},"81":{"start":{"line":82,"column":0},"end":{"line":82,"column":46}},"82":{"start":{"line":83,"column":0},"end":{"line":83,"column":30}},"83":{"start":{"line":84,"column":0},"end":{"line":84,"column":31}},"84":{"start":{"line":85,"column":0},"end":{"line":85,"column":11}},"85":{"start":{"line":86,"column":0},"end":{"line":86,"column":85}},"86":{"start":{"line":87,"column":0},"end":{"line":87,"column":29}},"87":{"start":{"line":88,"column":0},"end":{"line":88,"column":1}},"92":{"start":{"line":93,"column":0},"end":{"line":93,"column":76}},"93":{"start":{"line":94,"column":0},"end":{"line":94,"column":30}},"94":{"start":{"line":95,"column":0},"end":{"line":95,"column":17}},"95":{"start":{"line":96,"column":0},"end":{"line":96,"column":3}},"96":{"start":{"line":97,"column":0},"end":{"line":97,"column":16}},"97":{"start":{"line":98,"column":0},"end":{"line":98,"column":35}},"98":{"start":{"line":99,"column":0},"end":{"line":99,"column":37}},"99":{"start":{"line":100,"column":0},"end":{"line":100,"column":34}},"100":{"start":{"line":101,"column":0},"end":{"line":101,"column":17}},"101":{"start":{"line":102,"column":0},"end":{"line":102,"column":15}},"102":{"start":{"line":103,"column":0},"end":{"line":103,"column":5}},"103":{"start":{"line":104,"column":0},"end":{"line":104,"column":34}},"104":{"start":{"line":105,"column":0},"end":{"line":105,"column":19}},"105":{"start":{"line":106,"column":0},"end":{"line":106,"column":5}},"106":{"start":{"line":107,"column":0},"end":{"line":107,"column":39}},"107":{"start":{"line":108,"column":0},"end":{"line":108,"column":39}},"108":{"start":{"line":109,"column":0},"end":{"line":109,"column":17}},"109":{"start":{"line":110,"column":0},"end":{"line":110,"column":38}},"110":{"start":{"line":111,"column":0},"end":{"line":111,"column":56}},"111":{"start":{"line":112,"column":0},"end":{"line":112,"column":34}},"112":{"start":{"line":113,"column":0},"end":{"line":113,"column":46}},"113":{"start":{"line":114,"column":0},"end":{"line":114,"column":89}},"114":{"start":{"line":115,"column":0},"end":{"line":115,"column":25}},"115":{"start":{"line":116,"column":0},"end":{"line":116,"column":11}},"116":{"start":{"line":117,"column":0},"end":{"line":117,"column":55}},"117":{"start":{"line":118,"column":0},"end":{"line":118,"column":25}},"118":{"start":{"line":119,"column":0},"end":{"line":119,"column":11}},"119":{"start":{"line":120,"column":0},"end":{"line":120,"column":51}},"120":{"start":{"line":121,"column":0},"end":{"line":121,"column":21}},"121":{"start":{"line":122,"column":0},"end":{"line":122,"column":9}},"122":{"start":{"line":123,"column":0},"end":{"line":123,"column":7}},"123":{"start":{"line":124,"column":0},"end":{"line":124,"column":15}},"124":{"start":{"line":125,"column":0},"end":{"line":125,"column":5}},"125":{"start":{"line":126,"column":0},"end":{"line":126,"column":17}},"126":{"start":{"line":127,"column":0},"end":{"line":127,"column":3}},"127":{"start":{"line":128,"column":0},"end":{"line":128,"column":14}},"128":{"start":{"line":129,"column":0},"end":{"line":129,"column":1}},"140":{"start":{"line":141,"column":0},"end":{"line":141,"column":105}},"141":{"start":{"line":142,"column":0},"end":{"line":142,"column":56}},"142":{"start":{"line":143,"column":0},"end":{"line":143,"column":81}},"143":{"start":{"line":144,"column":0},"end":{"line":144,"column":66}},"144":{"start":{"line":145,"column":0},"end":{"line":145,"column":3}},"146":{"start":{"line":147,"column":0},"end":{"line":147,"column":60}},"147":{"start":{"line":148,"column":0},"end":{"line":148,"column":43}},"148":{"start":{"line":149,"column":0},"end":{"line":149,"column":15}},"149":{"start":{"line":150,"column":0},"end":{"line":150,"column":5}},"150":{"start":{"line":151,"column":0},"end":{"line":151,"column":40}},"151":{"start":{"line":152,"column":0},"end":{"line":152,"column":47}},"152":{"start":{"line":153,"column":0},"end":{"line":153,"column":15}},"153":{"start":{"line":154,"column":0},"end":{"line":154,"column":5}},"154":{"start":{"line":155,"column":0},"end":{"line":155,"column":58}},"155":{"start":{"line":156,"column":0},"end":{"line":156,"column":14}},"156":{"start":{"line":157,"column":0},"end":{"line":157,"column":24}},"157":{"start":{"line":158,"column":0},"end":{"line":158,"column":28}},"158":{"start":{"line":159,"column":0},"end":{"line":159,"column":79}},"159":{"start":{"line":160,"column":0},"end":{"line":160,"column":8}},"160":{"start":{"line":161,"column":0},"end":{"line":161,"column":5}},"161":{"start":{"line":162,"column":0},"end":{"line":162,"column":3}},"163":{"start":{"line":164,"column":0},"end":{"line":164,"column":60}},"164":{"start":{"line":165,"column":0},"end":{"line":165,"column":40}},"165":{"start":{"line":166,"column":0},"end":{"line":166,"column":47}},"166":{"start":{"line":167,"column":0},"end":{"line":167,"column":15}},"167":{"start":{"line":168,"column":0},"end":{"line":168,"column":5}},"168":{"start":{"line":169,"column":0},"end":{"line":169,"column":58}},"169":{"start":{"line":170,"column":0},"end":{"line":170,"column":14}},"170":{"start":{"line":171,"column":0},"end":{"line":171,"column":24}},"171":{"start":{"line":172,"column":0},"end":{"line":172,"column":28}},"172":{"start":{"line":173,"column":0},"end":{"line":173,"column":79}},"173":{"start":{"line":174,"column":0},"end":{"line":174,"column":8}},"174":{"start":{"line":175,"column":0},"end":{"line":175,"column":5}},"175":{"start":{"line":176,"column":0},"end":{"line":176,"column":3}},"177":{"start":{"line":178,"column":0},"end":{"line":178,"column":45}},"178":{"start":{"line":179,"column":0},"end":{"line":179,"column":30}},"179":{"start":{"line":180,"column":0},"end":{"line":180,"column":12}},"180":{"start":{"line":181,"column":0},"end":{"line":181,"column":23}},"181":{"start":{"line":182,"column":0},"end":{"line":182,"column":40}},"182":{"start":{"line":183,"column":0},"end":{"line":183,"column":74}},"183":{"start":{"line":184,"column":0},"end":{"line":184,"column":6}},"184":{"start":{"line":185,"column":0},"end":{"line":185,"column":3}},"186":{"start":{"line":187,"column":0},"end":{"line":187,"column":61}},"187":{"start":{"line":188,"column":0},"end":{"line":188,"column":10}},"188":{"start":{"line":189,"column":0},"end":{"line":189,"column":19}},"189":{"start":{"line":190,"column":0},"end":{"line":190,"column":61}},"190":{"start":{"line":191,"column":0},"end":{"line":191,"column":112}},"191":{"start":{"line":192,"column":0},"end":{"line":192,"column":4}},"192":{"start":{"line":193,"column":0},"end":{"line":193,"column":1}}},"s":{"3":1,"6":1,"9":1,"15":1,"18":1,"36":1,"37":129,"38":4,"39":4,"40":125,"41":125,"46":1,"47":58,"48":58,"49":58,"50":1,"51":1,"52":1,"53":1,"54":1,"55":1,"56":58,"57":1,"58":1,"59":58,"60":2,"61":2,"62":2,"63":2,"64":58,"65":58,"70":1,"71":28,"72":28,"73":47,"74":47,"75":28,"76":28,"81":1,"82":2,"83":2,"84":2,"85":2,"86":2,"87":2,"92":1,"93":23,"94":1,"95":1,"96":22,"97":23,"98":40,"99":40,"100":22,"101":22,"102":22,"103":40,"104":1,"105":1,"106":40,"107":16,"108":16,"109":16,"110":4,"111":4,"112":5,"113":5,"114":1,"115":1,"116":5,"117":1,"118":1,"119":3,"120":3,"121":3,"122":4,"123":14,"124":14,"125":1,"126":1,"127":18,"128":18,"140":1,"141":5,"142":5,"143":1,"144":1,"146":5,"147":10,"148":4,"149":4,"150":6,"151":10,"152":0,"153":0,"154":10,"155":1,"156":1,"157":1,"158":1,"159":1,"160":1,"161":10,"163":5,"164":7,"165":7,"166":0,"167":0,"168":7,"169":1,"170":1,"171":1,"172":1,"173":1,"174":1,"175":7,"177":2,"178":5,"179":1,"180":1,"181":1,"182":1,"183":1,"184":1,"186":1,"187":1,"188":1,"189":1,"190":1,"191":1,"192":1},"branchMap":{"0":{"type":"branch","line":37,"loc":{"start":{"line":37,"column":7},"end":{"line":42,"column":1}},"locations":[{"start":{"line":37,"column":7},"end":{"line":42,"column":1}}]},"1":{"type":"branch","line":38,"loc":{"start":{"line":38,"column":25},"end":{"line":40,"column":3}},"locations":[{"start":{"line":38,"column":25},"end":{"line":40,"column":3}}]},"2":{"type":"branch","line":40,"loc":{"start":{"line":40,"column":2},"end":{"line":42,"column":1}},"locations":[{"start":{"line":40,"column":2},"end":{"line":42,"column":1}}]},"3":{"type":"branch","line":47,"loc":{"start":{"line":47,"column":7},"end":{"line":66,"column":1}},"locations":[{"start":{"line":47,"column":7},"end":{"line":66,"column":1}}]},"4":{"type":"branch","line":50,"loc":{"start":{"line":50,"column":14},"end":{"line":50,"column":59}},"locations":[{"start":{"line":50,"column":14},"end":{"line":50,"column":59}}]},"5":{"type":"branch","line":50,"loc":{"start":{"line":50,"column":59},"end":{"line":56,"column":3}},"locations":[{"start":{"line":50,"column":59},"end":{"line":56,"column":3}}]},"6":{"type":"branch","line":57,"loc":{"start":{"line":57,"column":28},"end":{"line":59,"column":3}},"locations":[{"start":{"line":57,"column":28},"end":{"line":59,"column":3}}]},"7":{"type":"branch","line":60,"loc":{"start":{"line":60,"column":14},"end":{"line":60,"column":51}},"locations":[{"start":{"line":60,"column":14},"end":{"line":60,"column":51}}]},"8":{"type":"branch","line":60,"loc":{"start":{"line":60,"column":51},"end":{"line":64,"column":3}},"locations":[{"start":{"line":60,"column":51},"end":{"line":64,"column":3}}]},"9":{"type":"branch","line":71,"loc":{"start":{"line":71,"column":7},"end":{"line":77,"column":1}},"locations":[{"start":{"line":71,"column":7},"end":{"line":77,"column":1}}]},"10":{"type":"branch","line":73,"loc":{"start":{"line":73,"column":34},"end":{"line":75,"column":3}},"locations":[{"start":{"line":73,"column":34},"end":{"line":75,"column":3}}]},"11":{"type":"branch","line":82,"loc":{"start":{"line":82,"column":7},"end":{"line":88,"column":1}},"locations":[{"start":{"line":82,"column":7},"end":{"line":88,"column":1}}]},"12":{"type":"branch","line":93,"loc":{"start":{"line":93,"column":7},"end":{"line":129,"column":1}},"locations":[{"start":{"line":93,"column":7},"end":{"line":129,"column":1}}]},"13":{"type":"branch","line":94,"loc":{"start":{"line":94,"column":29},"end":{"line":96,"column":3}},"locations":[{"start":{"line":94,"column":29},"end":{"line":96,"column":3}}]},"14":{"type":"branch","line":96,"loc":{"start":{"line":96,"column":2},"end":{"line":98,"column":34}},"locations":[{"start":{"line":96,"column":2},"end":{"line":98,"column":34}}]},"15":{"type":"branch","line":98,"loc":{"start":{"line":98,"column":34},"end":{"line":127,"column":3}},"locations":[{"start":{"line":98,"column":34},"end":{"line":127,"column":3}}]},"16":{"type":"branch","line":100,"loc":{"start":{"line":100,"column":33},"end":{"line":103,"column":5}},"locations":[{"start":{"line":100,"column":33},"end":{"line":103,"column":5}}]},"17":{"type":"branch","line":103,"loc":{"start":{"line":103,"column":4},"end":{"line":104,"column":33}},"locations":[{"start":{"line":103,"column":4},"end":{"line":104,"column":33}}]},"18":{"type":"branch","line":104,"loc":{"start":{"line":104,"column":33},"end":{"line":106,"column":5}},"locations":[{"start":{"line":104,"column":33},"end":{"line":106,"column":5}}]},"19":{"type":"branch","line":106,"loc":{"start":{"line":106,"column":4},"end":{"line":107,"column":38}},"locations":[{"start":{"line":106,"column":4},"end":{"line":107,"column":38}}]},"20":{"type":"branch","line":107,"loc":{"start":{"line":107,"column":38},"end":{"line":125,"column":5}},"locations":[{"start":{"line":107,"column":38},"end":{"line":125,"column":5}}]},"21":{"type":"branch","line":110,"loc":{"start":{"line":110,"column":10},"end":{"line":110,"column":37}},"locations":[{"start":{"line":110,"column":10},"end":{"line":110,"column":37}}]},"22":{"type":"branch","line":110,"loc":{"start":{"line":110,"column":37},"end":{"line":123,"column":7}},"locations":[{"start":{"line":110,"column":37},"end":{"line":123,"column":7}}]},"23":{"type":"branch","line":112,"loc":{"start":{"line":112,"column":33},"end":{"line":122,"column":9}},"locations":[{"start":{"line":112,"column":33},"end":{"line":122,"column":9}}]},"24":{"type":"branch","line":114,"loc":{"start":{"line":114,"column":15},"end":{"line":114,"column":61}},"locations":[{"start":{"line":114,"column":15},"end":{"line":114,"column":61}}]},"25":{"type":"branch","line":114,"loc":{"start":{"line":114,"column":51},"end":{"line":114,"column":88}},"locations":[{"start":{"line":114,"column":51},"end":{"line":114,"column":88}}]},"26":{"type":"branch","line":114,"loc":{"start":{"line":114,"column":88},"end":{"line":116,"column":11}},"locations":[{"start":{"line":114,"column":88},"end":{"line":116,"column":11}}]},"27":{"type":"branch","line":116,"loc":{"start":{"line":116,"column":10},"end":{"line":117,"column":54}},"locations":[{"start":{"line":116,"column":10},"end":{"line":117,"column":54}}]},"28":{"type":"branch","line":117,"loc":{"start":{"line":117,"column":54},"end":{"line":119,"column":11}},"locations":[{"start":{"line":117,"column":54},"end":{"line":119,"column":11}}]},"29":{"type":"branch","line":119,"loc":{"start":{"line":119,"column":10},"end":{"line":122,"column":9}},"locations":[{"start":{"line":119,"column":10},"end":{"line":122,"column":9}}]},"30":{"type":"branch","line":123,"loc":{"start":{"line":123,"column":6},"end":{"line":125,"column":5}},"locations":[{"start":{"line":123,"column":6},"end":{"line":125,"column":5}}]},"31":{"type":"branch","line":125,"loc":{"start":{"line":125,"column":4},"end":{"line":127,"column":3}},"locations":[{"start":{"line":125,"column":4},"end":{"line":127,"column":3}}]},"32":{"type":"branch","line":127,"loc":{"start":{"line":127,"column":2},"end":{"line":129,"column":1}},"locations":[{"start":{"line":127,"column":2},"end":{"line":129,"column":1}}]},"33":{"type":"branch","line":111,"loc":{"start":{"line":111,"column":42},"end":{"line":111,"column":53}},"locations":[{"start":{"line":111,"column":42},"end":{"line":111,"column":53}}]},"34":{"type":"branch","line":141,"loc":{"start":{"line":141,"column":7},"end":{"line":193,"column":1}},"locations":[{"start":{"line":141,"column":7},"end":{"line":193,"column":1}}]},"35":{"type":"branch","line":143,"loc":{"start":{"line":143,"column":22},"end":{"line":143,"column":80}},"locations":[{"start":{"line":143,"column":22},"end":{"line":143,"column":80}}]},"36":{"type":"branch","line":143,"loc":{"start":{"line":143,"column":80},"end":{"line":145,"column":3}},"locations":[{"start":{"line":143,"column":80},"end":{"line":145,"column":3}}]},"37":{"type":"branch","line":145,"loc":{"start":{"line":145,"column":2},"end":{"line":147,"column":59}},"locations":[{"start":{"line":145,"column":2},"end":{"line":147,"column":59}}]},"38":{"type":"branch","line":147,"loc":{"start":{"line":147,"column":59},"end":{"line":162,"column":3}},"locations":[{"start":{"line":147,"column":59},"end":{"line":162,"column":3}}]},"39":{"type":"branch","line":148,"loc":{"start":{"line":148,"column":42},"end":{"line":150,"column":5}},"locations":[{"start":{"line":148,"column":42},"end":{"line":150,"column":5}}]},"40":{"type":"branch","line":150,"loc":{"start":{"line":150,"column":4},"end":{"line":152,"column":46}},"locations":[{"start":{"line":150,"column":4},"end":{"line":152,"column":46}}]},"41":{"type":"branch","line":152,"loc":{"start":{"line":152,"column":46},"end":{"line":154,"column":5}},"locations":[{"start":{"line":152,"column":46},"end":{"line":154,"column":5}}]},"42":{"type":"branch","line":154,"loc":{"start":{"line":154,"column":4},"end":{"line":155,"column":57}},"locations":[{"start":{"line":154,"column":4},"end":{"line":155,"column":57}}]},"43":{"type":"branch","line":155,"loc":{"start":{"line":155,"column":57},"end":{"line":161,"column":5}},"locations":[{"start":{"line":155,"column":57},"end":{"line":161,"column":5}}]},"44":{"type":"branch","line":162,"loc":{"start":{"line":162,"column":2},"end":{"line":164,"column":59}},"locations":[{"start":{"line":162,"column":2},"end":{"line":164,"column":59}}]},"45":{"type":"branch","line":164,"loc":{"start":{"line":164,"column":59},"end":{"line":176,"column":3}},"locations":[{"start":{"line":164,"column":59},"end":{"line":176,"column":3}}]},"46":{"type":"branch","line":166,"loc":{"start":{"line":166,"column":46},"end":{"line":168,"column":5}},"locations":[{"start":{"line":166,"column":46},"end":{"line":168,"column":5}}]},"47":{"type":"branch","line":169,"loc":{"start":{"line":169,"column":57},"end":{"line":175,"column":5}},"locations":[{"start":{"line":169,"column":57},"end":{"line":175,"column":5}}]},"48":{"type":"branch","line":176,"loc":{"start":{"line":176,"column":2},"end":{"line":179,"column":21}},"locations":[{"start":{"line":176,"column":2},"end":{"line":179,"column":21}}]},"49":{"type":"branch","line":179,"loc":{"start":{"line":179,"column":29},"end":{"line":193,"column":1}},"locations":[{"start":{"line":179,"column":29},"end":{"line":193,"column":1}}]}},"b":{"0":[129],"1":[4],"2":[125],"3":[58],"4":[1],"5":[1],"6":[1],"7":[2],"8":[2],"9":[28],"10":[47],"11":[2],"12":[23],"13":[1],"14":[22],"15":[40],"16":[22],"17":[18],"18":[1],"19":[17],"20":[16],"21":[4],"22":[4],"23":[5],"24":[4],"25":[4],"26":[1],"27":[4],"28":[1],"29":[3],"30":[14],"31":[1],"32":[18],"33":[5],"34":[5],"35":[1],"36":[1],"37":[4],"38":[10],"39":[4],"40":[6],"41":[0],"42":[6],"43":[1],"44":[3],"45":[7],"46":[0],"47":[1],"48":[2],"49":[1]},"fnMap":{"0":{"name":"estimateTextTokens","decl":{"start":{"line":37,"column":7},"end":{"line":42,"column":1}},"loc":{"start":{"line":37,"column":7},"end":{"line":42,"column":1}},"line":37},"1":{"name":"estimateMessageTokens","decl":{"start":{"line":47,"column":7},"end":{"line":66,"column":1}},"loc":{"start":{"line":47,"column":7},"end":{"line":66,"column":1}},"line":47},"2":{"name":"estimateMessagesTokens","decl":{"start":{"line":71,"column":7},"end":{"line":77,"column":1}},"loc":{"start":{"line":71,"column":7},"end":{"line":77,"column":1}},"line":71},"3":{"name":"getEffectiveInputBudgetTokens","decl":{"start":{"line":82,"column":7},"end":{"line":88,"column":1}},"loc":{"start":{"line":82,"column":7},"end":{"line":88,"column":1}},"line":82},"4":{"name":"isValidOpenAiMessageSequence","decl":{"start":{"line":93,"column":7},"end":{"line":129,"column":1}},"loc":{"start":{"line":93,"column":7},"end":{"line":129,"column":1}},"line":93},"5":{"name":"trimMessagesForBudget","decl":{"start":{"line":141,"column":7},"end":{"line":193,"column":1}},"loc":{"start":{"line":141,"column":7},"end":{"line":193,"column":1}},"line":141}},"f":{"0":129,"1":58,"2":28,"3":2,"4":23,"5":5}}
,"/Users/eduardomendonca/projetos/cappy/extension/src/agent/contextSanitize.ts": {"path":"/Users/eduardomendonca/projetos/cappy/extension/src/agent/contextSanitize.ts","all":false,"statementMap":{"0":{"start":{"line":1,"column":0},"end":{"line":1,"column":33}},"6":{"start":{"line":7,"column":0},"end":{"line":7,"column":51}},"9":{"start":{"line":10,"column":0},"end":{"line":10,"column":49}},"11":{"start":{"line":12,"column":0},"end":{"line":12,"column":41}},"12":{"start":{"line":13,"column":0},"end":{"line":13,"column":36}},"17":{"start":{"line":18,"column":0},"end":{"line":18,"column":33}},"18":{"start":{"line":19,"column":0},"end":{"line":19,"column":68}},"19":{"start":{"line":20,"column":0},"end":{"line":20,"column":141}},"20":{"start":{"line":21,"column":0},"end":{"line":21,"column":131}},"21":{"start":{"line":22,"column":0},"end":{"line":22,"column":87}},"22":{"start":{"line":23,"column":0},"end":{"line":23,"column":75}},"23":{"start":{"line":24,"column":0},"end":{"line":24,"column":12}},"28":{"start":{"line":29,"column":0},"end":{"line":29,"column":74}},"29":{"start":{"line":30,"column":0},"end":{"line":30,"column":30}},"30":{"start":{"line":31,"column":0},"end":{"line":31,"column":35}},"31":{"start":{"line":32,"column":0},"end":{"line":32,"column":34}},"32":{"start":{"line":33,"column":0},"end":{"line":33,"column":70}},"33":{"start":{"line":34,"column":0},"end":{"line":34,"column":56}},"34":{"start":{"line":35,"column":0},"end":{"line":35,"column":93}},"35":{"start":{"line":36,"column":0},"end":{"line":36,"column":7}},"36":{"start":{"line":37,"column":0},"end":{"line":37,"column":39}},"37":{"start":{"line":38,"column":0},"end":{"line":38,"column":46}},"38":{"start":{"line":39,"column":0},"end":{"line":39,"column":70}},"39":{"start":{"line":40,"column":0},"end":{"line":40,"column":64}},"40":{"start":{"line":41,"column":0},"end":{"line":41,"column":60}},"41":{"start":{"line":42,"column":0},"end":{"line":42,"column":71}},"42":{"start":{"line":43,"column":0},"end":{"line":43,"column":43}},"43":{"start":{"line":44,"column":0},"end":{"line":44,"column":11}},"44":{"start":{"line":45,"column":0},"end":{"line":45,"column":60}},"45":{"start":{"line":46,"column":0},"end":{"line":46,"column":7}},"46":{"start":{"line":47,"column":0},"end":{"line":47,"column":44}},"47":{"start":{"line":48,"column":0},"end":{"line":48,"column":12}},"48":{"start":{"line":49,"column":0},"end":{"line":49,"column":120}},"49":{"start":{"line":50,"column":0},"end":{"line":50,"column":5}},"50":{"start":{"line":51,"column":0},"end":{"line":51,"column":3}},"51":{"start":{"line":52,"column":0},"end":{"line":52,"column":36}},"52":{"start":{"line":53,"column":0},"end":{"line":53,"column":1}},"62":{"start":{"line":63,"column":0},"end":{"line":63,"column":59}},"63":{"start":{"line":64,"column":0},"end":{"line":64,"column":17}},"64":{"start":{"line":65,"column":0},"end":{"line":65,"column":16}},"65":{"start":{"line":66,"column":0},"end":{"line":66,"column":21}},"66":{"start":{"line":67,"column":0},"end":{"line":67,"column":20}},"67":{"start":{"line":68,"column":0},"end":{"line":68,"column":29}},"68":{"start":{"line":69,"column":0},"end":{"line":69,"column":14}},"69":{"start":{"line":70,"column":0},"end":{"line":70,"column":3}},"70":{"start":{"line":71,"column":0},"end":{"line":71,"column":58}},"71":{"start":{"line":72,"column":0},"end":{"line":72,"column":31}},"72":{"start":{"line":73,"column":0},"end":{"line":73,"column":14}},"73":{"start":{"line":74,"column":0},"end":{"line":74,"column":3}},"75":{"start":{"line":76,"column":0},"end":{"line":76,"column":52}},"76":{"start":{"line":77,"column":0},"end":{"line":77,"column":52}},"77":{"start":{"line":78,"column":0},"end":{"line":78,"column":14}},"78":{"start":{"line":79,"column":0},"end":{"line":79,"column":3}},"80":{"start":{"line":81,"column":0},"end":{"line":81,"column":59}},"81":{"start":{"line":82,"column":0},"end":{"line":82,"column":10}},"82":{"start":{"line":83,"column":0},"end":{"line":83,"column":22}},"83":{"start":{"line":84,"column":0},"end":{"line":84,"column":38}},"84":{"start":{"line":85,"column":0},"end":{"line":85,"column":15}},"85":{"start":{"line":86,"column":0},"end":{"line":86,"column":59}},"86":{"start":{"line":87,"column":0},"end":{"line":87,"column":7}},"87":{"start":{"line":88,"column":0},"end":{"line":88,"column":21}},"88":{"start":{"line":89,"column":0},"end":{"line":89,"column":97}},"89":{"start":{"line":90,"column":0},"end":{"line":90,"column":8}},"90":{"start":{"line":91,"column":0},"end":{"line":91,"column":6}},"91":{"start":{"line":92,"column":0},"end":{"line":92,"column":5}},"93":{"start":{"line":94,"column":0},"end":{"line":94,"column":68}},"94":{"start":{"line":95,"column":0},"end":{"line":95,"column":31}},"95":{"start":{"line":96,"column":0},"end":{"line":96,"column":1}},"97":{"start":{"line":98,"column":0},"end":{"line":98,"column":59}},"98":{"start":{"line":99,"column":0},"end":{"line":99,"column":32}},"99":{"start":{"line":100,"column":0},"end":{"line":100,"column":16}},"100":{"start":{"line":101,"column":0},"end":{"line":101,"column":3}},"101":{"start":{"line":102,"column":0},"end":{"line":102,"column":52}},"102":{"start":{"line":103,"column":0},"end":{"line":103,"column":1}}},"s":{"0":1,"6":1,"9":1,"11":1,"12":1,"17":1,"18":1,"19":1,"20":1,"21":1,"22":1,"23":1,"28":1,"29":14,"30":14,"31":14,"32":9,"33":9,"34":1,"35":1,"36":9,"37":14,"38":3,"39":3,"40":1,"41":1,"42":1,"43":1,"44":1,"45":1,"46":3,"47":5,"48":2,"49":2,"50":14,"51":14,"52":14,"62":6,"63":6,"64":6,"65":6,"66":6,"67":6,"68":1,"69":1,"70":5,"71":6,"72":1,"73":1,"75":4,"76":6,"77":1,"78":1,"80":3,"81":3,"82":3,"83":3,"84":3,"85":3,"86":3,"87":3,"88":3,"89":3,"90":3,"91":3,"93":6,"94":6,"95":6,"97":18,"98":18,"99":16,"100":16,"101":2,"102":2},"branchMap":{"0":{"type":"branch","line":29,"loc":{"start":{"line":29,"column":7},"end":{"line":53,"column":1}},"locations":[{"start":{"line":29,"column":7},"end":{"line":53,"column":1}}]},"1":{"type":"branch","line":32,"loc":{"start":{"line":32,"column":33},"end":{"line":38,"column":15}},"locations":[{"start":{"line":32,"column":33},"end":{"line":38,"column":15}}]},"2":{"type":"branch","line":34,"loc":{"start":{"line":34,"column":18},"end":{"line":34,"column":55}},"locations":[{"start":{"line":34,"column":18},"end":{"line":34,"column":55}}]},"3":{"type":"branch","line":34,"loc":{"start":{"line":34,"column":55},"end":{"line":36,"column":7}},"locations":[{"start":{"line":34,"column":55},"end":{"line":36,"column":7}}]},"4":{"type":"branch","line":38,"loc":{"start":{"line":38,"column":4},"end":{"line":50,"column":5}},"locations":[{"start":{"line":38,"column":4},"end":{"line":50,"column":5}}]},"5":{"type":"branch","line":38,"loc":{"start":{"line":38,"column":45},"end":{"line":48,"column":11}},"locations":[{"start":{"line":38,"column":45},"end":{"line":48,"column":11}}]},"6":{"type":"branch","line":40,"loc":{"start":{"line":40,"column":18},"end":{"line":40,"column":63}},"locations":[{"start":{"line":40,"column":18},"end":{"line":40,"column":63}}]},"7":{"type":"branch","line":40,"loc":{"start":{"line":40,"column":63},"end":{"line":46,"column":7}},"locations":[{"start":{"line":40,"column":63},"end":{"line":46,"column":7}}]},"8":{"type":"branch","line":48,"loc":{"start":{"line":48,"column":4},"end":{"line":50,"column":5}},"locations":[{"start":{"line":48,"column":4},"end":{"line":50,"column":5}}]},"9":{"type":"branch","line":49,"loc":{"start":{"line":49,"column":39},"end":{"line":49,"column":58}},"locations":[{"start":{"line":49,"column":39},"end":{"line":49,"column":58}}]},"10":{"type":"branch","line":41,"loc":{"start":{"line":41,"column":49},"end":{"line":44,"column":9}},"locations":[{"start":{"line":41,"column":49},"end":{"line":44,"column":9}}]},"11":{"type":"branch","line":63,"loc":{"start":{"line":63,"column":0},"end":{"line":96,"column":1}},"locations":[{"start":{"line":63,"column":0},"end":{"line":96,"column":1}}]},"12":{"type":"branch","line":68,"loc":{"start":{"line":68,"column":28},"end":{"line":70,"column":3}},"locations":[{"start":{"line":68,"column":28},"end":{"line":70,"column":3}}]},"13":{"type":"branch","line":70,"loc":{"start":{"line":70,"column":2},"end":{"line":72,"column":30}},"locations":[{"start":{"line":70,"column":2},"end":{"line":72,"column":30}}]},"14":{"type":"branch","line":72,"loc":{"start":{"line":72,"column":30},"end":{"line":74,"column":3}},"locations":[{"start":{"line":72,"column":30},"end":{"line":74,"column":3}}]},"15":{"type":"branch","line":74,"loc":{"start":{"line":74,"column":2},"end":{"line":77,"column":51}},"locations":[{"start":{"line":74,"column":2},"end":{"line":77,"column":51}}]},"16":{"type":"branch","line":77,"loc":{"start":{"line":77,"column":51},"end":{"line":79,"column":3}},"locations":[{"start":{"line":77,"column":51},"end":{"line":79,"column":3}}]},"17":{"type":"branch","line":79,"loc":{"start":{"line":79,"column":2},"end":{"line":94,"column":60}},"locations":[{"start":{"line":79,"column":2},"end":{"line":94,"column":60}}]},"18":{"type":"branch","line":94,"loc":{"start":{"line":94,"column":60},"end":{"line":94,"column":68}},"locations":[{"start":{"line":94,"column":60},"end":{"line":94,"column":68}}]},"19":{"type":"branch","line":98,"loc":{"start":{"line":98,"column":0},"end":{"line":103,"column":1}},"locations":[{"start":{"line":98,"column":0},"end":{"line":103,"column":1}}]},"20":{"type":"branch","line":99,"loc":{"start":{"line":99,"column":31},"end":{"line":101,"column":3}},"locations":[{"start":{"line":99,"column":31},"end":{"line":101,"column":3}}]},"21":{"type":"branch","line":101,"loc":{"start":{"line":101,"column":2},"end":{"line":103,"column":1}},"locations":[{"start":{"line":101,"column":2},"end":{"line":103,"column":1}}]}},"b":{"0":[14],"1":[9],"2":[1],"3":[1],"4":[5],"5":[3],"6":[1],"7":[1],"8":[2],"9":[1],"10":[1],"11":[6],"12":[1],"13":[5],"14":[1],"15":[4],"16":[1],"17":[3],"18":[0],"19":[18],"20":[16],"21":[2]},"fnMap":{"0":{"name":"serializeMessagesForSummary","decl":{"start":{"line":29,"column":7},"end":{"line":53,"column":1}},"loc":{"start":{"line":29,"column":7},"end":{"line":53,"column":1}},"line":29},"1":{"name":"summarizeDroppedMessagesForMainAgent","decl":{"start":{"line":63,"column":0},"end":{"line":96,"column":1}},"loc":{"start":{"line":63,"column":0},"end":{"line":96,"column":1}},"line":63},"2":{"name":"truncate","decl":{"start":{"line":98,"column":0},"end":{"line":103,"column":1}},"loc":{"start":{"line":98,"column":0},"end":{"line":103,"column":1}},"line":98}},"f":{"0":14,"1":6,"2":18}}
,"/Users/eduardomendonca/projetos/cappy/extension/src/agent/toolArgumentRecovery.ts": {"path":"/Users/eduardomendonca/projetos/cappy/extension/src/agent/toolArgumentRecovery.ts","all":false,"statementMap":{"4":{"start":{"line":5,"column":0},"end":{"line":5,"column":30}},"5":{"start":{"line":6,"column":0},"end":{"line":6,"column":33}},"10":{"start":{"line":11,"column":0},"end":{"line":11,"column":47}},"11":{"start":{"line":12,"column":0},"end":{"line":12,"column":33}},"12":{"start":{"line":13,"column":0},"end":{"line":13,"column":38}},"13":{"start":{"line":14,"column":0},"end":{"line":14,"column":22}},"14":{"start":{"line":15,"column":0},"end":{"line":15,"column":3}},"15":{"start":{"line":16,"column":0},"end":{"line":16,"column":19}},"16":{"start":{"line":17,"column":0},"end":{"line":17,"column":37}},"17":{"start":{"line":18,"column":0},"end":{"line":18,"column":28}},"18":{"start":{"line":19,"column":0},"end":{"line":19,"column":12}},"19":{"start":{"line":20,"column":0},"end":{"line":20,"column":1}},"24":{"start":{"line":25,"column":0},"end":{"line":25,"column":62}},"25":{"start":{"line":26,"column":0},"end":{"line":26,"column":40}},"26":{"start":{"line":27,"column":0},"end":{"line":27,"column":38}},"27":{"start":{"line":28,"column":0},"end":{"line":28,"column":40}},"28":{"start":{"line":29,"column":0},"end":{"line":29,"column":34}},"29":{"start":{"line":30,"column":0},"end":{"line":30,"column":16}},"30":{"start":{"line":31,"column":0},"end":{"line":31,"column":3}},"31":{"start":{"line":32,"column":0},"end":{"line":32,"column":47}},"32":{"start":{"line":33,"column":0},"end":{"line":33,"column":1}},"37":{"start":{"line":38,"column":0},"end":{"line":38,"column":78}},"38":{"start":{"line":39,"column":0},"end":{"line":39,"column":77}},"39":{"start":{"line":40,"column":0},"end":{"line":40,"column":37}},"40":{"start":{"line":41,"column":0},"end":{"line":41,"column":3}},"41":{"start":{"line":42,"column":0},"end":{"line":42,"column":50}},"42":{"start":{"line":43,"column":0},"end":{"line":43,"column":81}},"43":{"start":{"line":44,"column":0},"end":{"line":44,"column":29}},"44":{"start":{"line":45,"column":0},"end":{"line":45,"column":5}},"45":{"start":{"line":46,"column":0},"end":{"line":46,"column":15}},"46":{"start":{"line":47,"column":0},"end":{"line":47,"column":40}},"47":{"start":{"line":48,"column":0},"end":{"line":48,"column":6}},"48":{"start":{"line":49,"column":0},"end":{"line":49,"column":9}},"49":{"start":{"line":50,"column":0},"end":{"line":50,"column":6}},"50":{"start":{"line":51,"column":0},"end":{"line":51,"column":4}},"51":{"start":{"line":52,"column":0},"end":{"line":52,"column":41}},"52":{"start":{"line":53,"column":0},"end":{"line":53,"column":15}},"53":{"start":{"line":54,"column":0},"end":{"line":54,"column":3}},"54":{"start":{"line":55,"column":0},"end":{"line":55,"column":60}},"55":{"start":{"line":56,"column":0},"end":{"line":56,"column":1}},"62":{"start":{"line":63,"column":0},"end":{"line":63,"column":50}},"63":{"start":{"line":64,"column":0},"end":{"line":64,"column":17}},"64":{"start":{"line":65,"column":0},"end":{"line":65,"column":16}},"65":{"start":{"line":66,"column":0},"end":{"line":66,"column":19}},"66":{"start":{"line":67,"column":0},"end":{"line":67,"column":27}},"67":{"start":{"line":68,"column":0},"end":{"line":68,"column":28}},"68":{"start":{"line":69,"column":0},"end":{"line":69,"column":41}},"69":{"start":{"line":70,"column":0},"end":{"line":70,"column":27}},"70":{"start":{"line":71,"column":0},"end":{"line":71,"column":126}},"71":{"start":{"line":72,"column":0},"end":{"line":72,"column":53}},"73":{"start":{"line":74,"column":0},"end":{"line":74,"column":22}},"74":{"start":{"line":75,"column":0},"end":{"line":75,"column":29}},"75":{"start":{"line":76,"column":0},"end":{"line":76,"column":40}},"76":{"start":{"line":77,"column":0},"end":{"line":77,"column":7}},"77":{"start":{"line":78,"column":0},"end":{"line":78,"column":40}},"78":{"start":{"line":79,"column":0},"end":{"line":79,"column":15}},"79":{"start":{"line":80,"column":0},"end":{"line":80,"column":7}},"80":{"start":{"line":81,"column":0},"end":{"line":81,"column":77}},"81":{"start":{"line":82,"column":0},"end":{"line":82,"column":8}},"82":{"start":{"line":83,"column":0},"end":{"line":83,"column":15}},"84":{"start":{"line":85,"column":0},"end":{"line":85,"column":7}},"85":{"start":{"line":86,"column":0},"end":{"line":86,"column":59}},"86":{"start":{"line":87,"column":0},"end":{"line":87,"column":12}},"87":{"start":{"line":88,"column":0},"end":{"line":88,"column":23}},"88":{"start":{"line":89,"column":0},"end":{"line":89,"column":24}},"89":{"start":{"line":90,"column":0},"end":{"line":90,"column":17}},"90":{"start":{"line":91,"column":0},"end":{"line":91,"column":9}},"91":{"start":{"line":92,"column":0},"end":{"line":92,"column":25}},"92":{"start":{"line":93,"column":0},"end":{"line":93,"column":18}},"93":{"start":{"line":94,"column":0},"end":{"line":94,"column":129}},"95":{"start":{"line":96,"column":0},"end":{"line":96,"column":10}},"96":{"start":{"line":97,"column":0},"end":{"line":97,"column":46}},"97":{"start":{"line":98,"column":0},"end":{"line":98,"column":8}},"98":{"start":{"line":99,"column":0},"end":{"line":99,"column":7}},"100":{"start":{"line":101,"column":0},"end":{"line":101,"column":55}},"101":{"start":{"line":102,"column":0},"end":{"line":102,"column":63}},"102":{"start":{"line":103,"column":0},"end":{"line":103,"column":18}},"103":{"start":{"line":104,"column":0},"end":{"line":104,"column":5}},"105":{"start":{"line":106,"column":0},"end":{"line":106,"column":51}},"106":{"start":{"line":107,"column":0},"end":{"line":107,"column":21}},"107":{"start":{"line":108,"column":0},"end":{"line":108,"column":18}},"108":{"start":{"line":109,"column":0},"end":{"line":109,"column":5}},"110":{"start":{"line":111,"column":0},"end":{"line":111,"column":26}},"111":{"start":{"line":112,"column":0},"end":{"line":112,"column":21}},"112":{"start":{"line":113,"column":0},"end":{"line":113,"column":11}},"113":{"start":{"line":114,"column":0},"end":{"line":114,"column":16}},"114":{"start":{"line":115,"column":0},"end":{"line":115,"column":3}},"115":{"start":{"line":116,"column":0},"end":{"line":116,"column":1}}},"s":{"4":1,"5":1,"10":8,"11":8,"12":8,"13":7,"14":7,"15":1,"16":1,"17":1,"18":1,"19":1,"24":8,"25":8,"26":8,"27":8,"28":8,"29":1,"30":1,"31":7,"32":7,"37":11,"38":11,"39":1,"40":1,"41":10,"42":11,"43":11,"44":11,"45":11,"46":11,"47":11,"48":11,"49":11,"50":11,"51":11,"52":9,"53":9,"54":1,"55":1,"62":11,"63":11,"64":11,"65":11,"66":11,"67":11,"68":11,"69":11,"70":11,"71":11,"73":11,"74":11,"75":11,"76":11,"77":11,"78":11,"79":11,"80":11,"81":11,"82":11,"84":11,"85":11,"86":11,"87":11,"88":11,"89":11,"90":11,"91":11,"92":11,"93":11,"95":11,"96":11,"97":11,"98":11,"100":10,"101":11,"102":2,"103":2,"105":8,"106":11,"107":1,"108":1,"110":7,"111":7,"112":11,"113":2,"114":2,"115":11},"branchMap":{"0":{"type":"branch","line":11,"loc":{"start":{"line":11,"column":0},"end":{"line":20,"column":1}},"locations":[{"start":{"line":11,"column":0},"end":{"line":20,"column":1}}]},"1":{"type":"branch","line":13,"loc":{"start":{"line":13,"column":37},"end":{"line":15,"column":3}},"locations":[{"start":{"line":13,"column":37},"end":{"line":15,"column":3}}]},"2":{"type":"branch","line":15,"loc":{"start":{"line":15,"column":2},"end":{"line":20,"column":1}},"locations":[{"start":{"line":15,"column":2},"end":{"line":20,"column":1}}]},"3":{"type":"branch","line":25,"loc":{"start":{"line":25,"column":0},"end":{"line":33,"column":1}},"locations":[{"start":{"line":25,"column":0},"end":{"line":33,"column":1}}]},"4":{"type":"branch","line":29,"loc":{"start":{"line":29,"column":14},"end":{"line":29,"column":33}},"locations":[{"start":{"line":29,"column":14},"end":{"line":29,"column":33}}]},"5":{"type":"branch","line":29,"loc":{"start":{"line":29,"column":33},"end":{"line":31,"column":3}},"locations":[{"start":{"line":29,"column":33},"end":{"line":31,"column":3}}]},"6":{"type":"branch","line":31,"loc":{"start":{"line":31,"column":2},"end":{"line":33,"column":1}},"locations":[{"start":{"line":31,"column":2},"end":{"line":33,"column":1}}]},"7":{"type":"branch","line":38,"loc":{"start":{"line":38,"column":0},"end":{"line":56,"column":1}},"locations":[{"start":{"line":38,"column":0},"end":{"line":56,"column":1}}]},"8":{"type":"branch","line":39,"loc":{"start":{"line":39,"column":7},"end":{"line":39,"column":33}},"locations":[{"start":{"line":39,"column":7},"end":{"line":39,"column":33}}]},"9":{"type":"branch","line":39,"loc":{"start":{"line":39,"column":19},"end":{"line":39,"column":76}},"locations":[{"start":{"line":39,"column":19},"end":{"line":39,"column":76}}]},"10":{"type":"branch","line":39,"loc":{"start":{"line":39,"column":76},"end":{"line":41,"column":3}},"locations":[{"start":{"line":39,"column":76},"end":{"line":41,"column":3}}]},"11":{"type":"branch","line":41,"loc":{"start":{"line":41,"column":2},"end":{"line":43,"column":56}},"locations":[{"start":{"line":41,"column":2},"end":{"line":43,"column":56}}]},"12":{"type":"branch","line":43,"loc":{"start":{"line":43,"column":52},"end":{"line":43,"column":78}},"locations":[{"start":{"line":43,"column":52},"end":{"line":43,"column":78}}]},"13":{"type":"branch","line":43,"loc":{"start":{"line":43,"column":67},"end":{"line":43,"column":81}},"locations":[{"start":{"line":43,"column":67},"end":{"line":43,"column":81}}]},"14":{"type":"branch","line":52,"loc":{"start":{"line":52,"column":40},"end":{"line":54,"column":3}},"locations":[{"start":{"line":52,"column":40},"end":{"line":54,"column":3}}]},"15":{"type":"branch","line":54,"loc":{"start":{"line":54,"column":2},"end":{"line":56,"column":1}},"locations":[{"start":{"line":54,"column":2},"end":{"line":56,"column":1}}]},"16":{"type":"branch","line":63,"loc":{"start":{"line":63,"column":0},"end":{"line":116,"column":1}},"locations":[{"start":{"line":63,"column":0},"end":{"line":116,"column":1}}]},"17":{"type":"branch","line":71,"loc":{"start":{"line":71,"column":40},"end":{"line":71,"column":109}},"locations":[{"start":{"line":71,"column":40},"end":{"line":71,"column":109}}]},"18":{"type":"branch","line":71,"loc":{"start":{"line":71,"column":103},"end":{"line":71,"column":126}},"locations":[{"start":{"line":71,"column":103},"end":{"line":71,"column":126}}]},"19":{"type":"branch","line":99,"loc":{"start":{"line":99,"column":5},"end":{"line":101,"column":55}},"locations":[{"start":{"line":99,"column":5},"end":{"line":101,"column":55}}]},"20":{"type":"branch","line":102,"loc":{"start":{"line":102,"column":24},"end":{"line":102,"column":62}},"locations":[{"start":{"line":102,"column":24},"end":{"line":102,"column":62}}]},"21":{"type":"branch","line":102,"loc":{"start":{"line":102,"column":62},"end":{"line":104,"column":5}},"locations":[{"start":{"line":102,"column":62},"end":{"line":104,"column":5}}]},"22":{"type":"branch","line":104,"loc":{"start":{"line":104,"column":4},"end":{"line":107,"column":20}},"locations":[{"start":{"line":104,"column":4},"end":{"line":107,"column":20}}]},"23":{"type":"branch","line":107,"loc":{"start":{"line":107,"column":20},"end":{"line":109,"column":5}},"locations":[{"start":{"line":107,"column":20},"end":{"line":109,"column":5}}]},"24":{"type":"branch","line":109,"loc":{"start":{"line":109,"column":4},"end":{"line":113,"column":10}},"locations":[{"start":{"line":109,"column":4},"end":{"line":113,"column":10}}]},"25":{"type":"branch","line":113,"loc":{"start":{"line":113,"column":2},"end":{"line":115,"column":3}},"locations":[{"start":{"line":113,"column":2},"end":{"line":115,"column":3}}]}},"b":{"0":[8],"1":[7],"2":[1],"3":[8],"4":[7],"5":[1],"6":[7],"7":[11],"8":[10],"9":[10],"10":[1],"11":[10],"12":[9],"13":[1],"14":[9],"15":[1],"16":[11],"17":[1],"18":[10],"19":[10],"20":[9],"21":[2],"22":[8],"23":[1],"24":[7],"25":[2]},"fnMap":{"0":{"name":"stripCodeFence","decl":{"start":{"line":11,"column":0},"end":{"line":20,"column":1}},"loc":{"start":{"line":11,"column":0},"end":{"line":20,"column":1}},"line":11},"1":{"name":"extractFirstJsonObject","decl":{"start":{"line":25,"column":0},"end":{"line":33,"column":1}},"loc":{"start":{"line":25,"column":0},"end":{"line":33,"column":1}},"line":25},"2":{"name":"summarizeParameters","decl":{"start":{"line":38,"column":0},"end":{"line":56,"column":1}},"loc":{"start":{"line":38,"column":0},"end":{"line":56,"column":1}},"line":38},"3":{"name":"recoverToolArgumentsWithLlm","decl":{"start":{"line":63,"column":0},"end":{"line":116,"column":1}},"loc":{"start":{"line":63,"column":0},"end":{"line":116,"column":1}},"line":63}},"f":{"0":8,"1":8,"2":11,"3":11}}
,"/Users/eduardomendonca/projetos/cappy/extension/src/bridge/chatMode.ts": {"path":"/Users/eduardomendonca/projetos/cappy/extension/src/bridge/chatMode.ts","all":false,"statementMap":{"8":{"start":{"line":9,"column":0},"end":{"line":9,"column":48}},"9":{"start":{"line":10,"column":0},"end":{"line":10,"column":17}},"10":{"start":{"line":11,"column":0},"end":{"line":11,"column":9}},"11":{"start":{"line":12,"column":0},"end":{"line":12,"column":13}},"12":{"start":{"line":13,"column":0},"end":{"line":13,"column":9}},"13":{"start":{"line":14,"column":0},"end":{"line":14,"column":9}},"14":{"start":{"line":15,"column":0},"end":{"line":15,"column":14}},"15":{"start":{"line":16,"column":0},"end":{"line":16,"column":12}},"16":{"start":{"line":17,"column":0},"end":{"line":17,"column":15}},"17":{"start":{"line":18,"column":0},"end":{"line":18,"column":13}},"18":{"start":{"line":19,"column":0},"end":{"line":19,"column":14}},"19":{"start":{"line":20,"column":0},"end":{"line":20,"column":14}},"20":{"start":{"line":21,"column":0},"end":{"line":21,"column":15}},"21":{"start":{"line":22,"column":0},"end":{"line":22,"column":14}},"22":{"start":{"line":23,"column":0},"end":{"line":23,"column":18}},"23":{"start":{"line":24,"column":0},"end":{"line":24,"column":17}},"24":{"start":{"line":25,"column":0},"end":{"line":25,"column":3}},"29":{"start":{"line":30,"column":0},"end":{"line":30,"column":61}},"30":{"start":{"line":31,"column":0},"end":{"line":31,"column":66}},"31":{"start":{"line":32,"column":0},"end":{"line":32,"column":17}},"32":{"start":{"line":33,"column":0},"end":{"line":33,"column":3}},"33":{"start":{"line":34,"column":0},"end":{"line":34,"column":17}},"34":{"start":{"line":35,"column":0},"end":{"line":35,"column":1}},"39":{"start":{"line":40,"column":0},"end":{"line":40,"column":94}},"40":{"start":{"line":41,"column":0},"end":{"line":41,"column":25}},"41":{"start":{"line":42,"column":0},"end":{"line":42,"column":14}},"42":{"start":{"line":43,"column":0},"end":{"line":43,"column":3}},"43":{"start":{"line":44,"column":0},"end":{"line":44,"column":25}},"44":{"start":{"line":45,"column":0},"end":{"line":45,"column":20}},"45":{"start":{"line":46,"column":0},"end":{"line":46,"column":3}},"46":{"start":{"line":47,"column":0},"end":{"line":47,"column":74}},"47":{"start":{"line":48,"column":0},"end":{"line":48,"column":1}},"52":{"start":{"line":53,"column":0},"end":{"line":53,"column":83}},"53":{"start":{"line":54,"column":0},"end":{"line":54,"column":25}},"54":{"start":{"line":55,"column":0},"end":{"line":55,"column":16}},"55":{"start":{"line":56,"column":0},"end":{"line":56,"column":3}},"56":{"start":{"line":57,"column":0},"end":{"line":57,"column":12}},"57":{"start":{"line":58,"column":0},"end":{"line":58,"column":1}}},"s":{"8":1,"9":1,"10":1,"11":1,"12":1,"13":1,"14":1,"15":1,"16":1,"17":1,"18":1,"19":1,"20":1,"21":1,"22":1,"23":1,"24":1,"29":1,"30":7,"31":3,"32":3,"33":4,"34":4,"39":1,"40":5,"41":1,"42":1,"43":5,"44":1,"45":1,"46":3,"47":3,"52":1,"53":5,"54":1,"55":1,"56":4,"57":4},"branchMap":{"0":{"type":"branch","line":30,"loc":{"start":{"line":30,"column":7},"end":{"line":35,"column":1}},"locations":[{"start":{"line":30,"column":7},"end":{"line":35,"column":1}}]},"1":{"type":"branch","line":31,"loc":{"start":{"line":31,"column":16},"end":{"line":31,"column":48}},"locations":[{"start":{"line":31,"column":16},"end":{"line":31,"column":48}}]},"2":{"type":"branch","line":31,"loc":{"start":{"line":31,"column":37},"end":{"line":31,"column":65}},"locations":[{"start":{"line":31,"column":37},"end":{"line":31,"column":65}}]},"3":{"type":"branch","line":31,"loc":{"start":{"line":31,"column":65},"end":{"line":33,"column":3}},"locations":[{"start":{"line":31,"column":65},"end":{"line":33,"column":3}}]},"4":{"type":"branch","line":33,"loc":{"start":{"line":33,"column":2},"end":{"line":35,"column":1}},"locations":[{"start":{"line":33,"column":2},"end":{"line":35,"column":1}}]},"5":{"type":"branch","line":40,"loc":{"start":{"line":40,"column":7},"end":{"line":48,"column":1}},"locations":[{"start":{"line":40,"column":7},"end":{"line":48,"column":1}}]},"6":{"type":"branch","line":41,"loc":{"start":{"line":41,"column":24},"end":{"line":43,"column":3}},"locations":[{"start":{"line":41,"column":24},"end":{"line":43,"column":3}}]},"7":{"type":"branch","line":43,"loc":{"start":{"line":43,"column":2},"end":{"line":44,"column":24}},"locations":[{"start":{"line":43,"column":2},"end":{"line":44,"column":24}}]},"8":{"type":"branch","line":44,"loc":{"start":{"line":44,"column":24},"end":{"line":46,"column":3}},"locations":[{"start":{"line":44,"column":24},"end":{"line":46,"column":3}}]},"9":{"type":"branch","line":46,"loc":{"start":{"line":46,"column":2},"end":{"line":48,"column":1}},"locations":[{"start":{"line":46,"column":2},"end":{"line":48,"column":1}}]},"10":{"type":"branch","line":47,"loc":{"start":{"line":47,"column":25},"end":{"line":47,"column":72}},"locations":[{"start":{"line":47,"column":25},"end":{"line":47,"column":72}}]},"11":{"type":"branch","line":53,"loc":{"start":{"line":53,"column":7},"end":{"line":58,"column":1}},"locations":[{"start":{"line":53,"column":7},"end":{"line":58,"column":1}}]},"12":{"type":"branch","line":54,"loc":{"start":{"line":54,"column":24},"end":{"line":56,"column":3}},"locations":[{"start":{"line":54,"column":24},"end":{"line":56,"column":3}}]},"13":{"type":"branch","line":56,"loc":{"start":{"line":56,"column":2},"end":{"line":58,"column":1}},"locations":[{"start":{"line":56,"column":2},"end":{"line":58,"column":1}}]}},"b":{"0":[7],"1":[6],"2":[5],"3":[3],"4":[4],"5":[5],"6":[1],"7":[4],"8":[1],"9":[3],"10":[11],"11":[5],"12":[1],"13":[4]},"fnMap":{"0":{"name":"parseChatUiMode","decl":{"start":{"line":30,"column":7},"end":{"line":35,"column":1}},"loc":{"start":{"line":30,"column":7},"end":{"line":35,"column":1}},"line":30},"1":{"name":"selectToolsForChatMode","decl":{"start":{"line":40,"column":7},"end":{"line":48,"column":1}},"loc":{"start":{"line":40,"column":7},"end":{"line":48,"column":1}},"line":40},"2":{"name":"mcpToolsForChatMode","decl":{"start":{"line":53,"column":7},"end":{"line":58,"column":1}},"loc":{"start":{"line":53,"column":7},"end":{"line":58,"column":1}},"line":53}},"f":{"0":7,"1":5,"2":5}}
,"/Users/eduardomendonca/projetos/cappy/extension/src/tools/coercePattern.ts": {"path":"/Users/eduardomendonca/projetos/cappy/extension/src/tools/coercePattern.ts","all":false,"statementMap":{"4":{"start":{"line":5,"column":0},"end":{"line":5,"column":69}},"5":{"start":{"line":6,"column":0},"end":{"line":6,"column":78}},"6":{"start":{"line":7,"column":0},"end":{"line":7,"column":1}},"9":{"start":{"line":10,"column":0},"end":{"line":10,"column":90}},"14":{"start":{"line":15,"column":0},"end":{"line":15,"column":95}},"15":{"start":{"line":16,"column":0},"end":{"line":16,"column":53}},"16":{"start":{"line":17,"column":0},"end":{"line":17,"column":114}},"17":{"start":{"line":18,"column":0},"end":{"line":18,"column":36}},"18":{"start":{"line":19,"column":0},"end":{"line":19,"column":31}},"19":{"start":{"line":20,"column":0},"end":{"line":20,"column":27}},"20":{"start":{"line":21,"column":0},"end":{"line":21,"column":15}},"21":{"start":{"line":22,"column":0},"end":{"line":22,"column":5}},"22":{"start":{"line":23,"column":0},"end":{"line":23,"column":55}},"23":{"start":{"line":24,"column":0},"end":{"line":24,"column":38}},"24":{"start":{"line":25,"column":0},"end":{"line":25,"column":28}},"25":{"start":{"line":26,"column":0},"end":{"line":26,"column":17}},"26":{"start":{"line":27,"column":0},"end":{"line":27,"column":7}},"27":{"start":{"line":28,"column":0},"end":{"line":28,"column":34}},"28":{"start":{"line":29,"column":0},"end":{"line":29,"column":86}},"29":{"start":{"line":30,"column":0},"end":{"line":30,"column":110}},"30":{"start":{"line":31,"column":0},"end":{"line":31,"column":28}},"31":{"start":{"line":32,"column":0},"end":{"line":32,"column":7}},"32":{"start":{"line":33,"column":0},"end":{"line":33,"column":5}},"33":{"start":{"line":34,"column":0},"end":{"line":34,"column":3}},"34":{"start":{"line":35,"column":0},"end":{"line":35,"column":16}},"35":{"start":{"line":36,"column":0},"end":{"line":36,"column":1}},"40":{"start":{"line":41,"column":0},"end":{"line":41,"column":98}},"41":{"start":{"line":42,"column":0},"end":{"line":42,"column":43}},"42":{"start":{"line":43,"column":0},"end":{"line":43,"column":14}},"43":{"start":{"line":44,"column":0},"end":{"line":44,"column":19}},"44":{"start":{"line":45,"column":0},"end":{"line":45,"column":84}},"45":{"start":{"line":46,"column":0},"end":{"line":46,"column":69}},"47":{"start":{"line":48,"column":0},"end":{"line":48,"column":27}},"48":{"start":{"line":49,"column":0},"end":{"line":49,"column":28}},"49":{"start":{"line":50,"column":0},"end":{"line":50,"column":63}},"50":{"start":{"line":51,"column":0},"end":{"line":51,"column":26}},"51":{"start":{"line":52,"column":0},"end":{"line":52,"column":5}},"52":{"start":{"line":53,"column":0},"end":{"line":53,"column":51}},"53":{"start":{"line":54,"column":0},"end":{"line":54,"column":25}},"54":{"start":{"line":55,"column":0},"end":{"line":55,"column":76}},"55":{"start":{"line":56,"column":0},"end":{"line":56,"column":37}},"56":{"start":{"line":57,"column":0},"end":{"line":57,"column":45}},"57":{"start":{"line":58,"column":0},"end":{"line":58,"column":29}},"58":{"start":{"line":59,"column":0},"end":{"line":59,"column":31}},"59":{"start":{"line":60,"column":0},"end":{"line":60,"column":7}},"60":{"start":{"line":61,"column":0},"end":{"line":61,"column":5}},"61":{"start":{"line":62,"column":0},"end":{"line":62,"column":3}},"63":{"start":{"line":64,"column":0},"end":{"line":64,"column":27}},"64":{"start":{"line":65,"column":0},"end":{"line":65,"column":28}},"65":{"start":{"line":66,"column":0},"end":{"line":66,"column":62}},"66":{"start":{"line":67,"column":0},"end":{"line":67,"column":27}},"67":{"start":{"line":68,"column":0},"end":{"line":68,"column":5}},"68":{"start":{"line":69,"column":0},"end":{"line":69,"column":3}},"70":{"start":{"line":71,"column":0},"end":{"line":71,"column":12}},"71":{"start":{"line":72,"column":0},"end":{"line":72,"column":1}}},"s":{"4":156,"5":156,"6":156,"9":1,"14":1,"15":26,"16":26,"17":26,"18":156,"19":156,"20":150,"21":150,"22":156,"23":7,"24":5,"25":5,"26":5,"27":2,"28":2,"29":7,"30":1,"31":1,"32":7,"33":6,"34":26,"35":26,"40":1,"41":17,"42":17,"43":17,"44":12,"45":5,"47":17,"48":66,"49":66,"50":10,"51":10,"52":66,"53":2,"54":2,"55":2,"56":2,"57":2,"58":2,"59":2,"60":2,"61":66,"63":17,"64":25,"65":25,"66":1,"67":1,"68":25,"70":4,"71":4},"branchMap":{"0":{"type":"branch","line":5,"loc":{"start":{"line":5,"column":0},"end":{"line":7,"column":1}},"locations":[{"start":{"line":5,"column":0},"end":{"line":7,"column":1}}]},"1":{"type":"branch","line":6,"loc":{"start":{"line":6,"column":26},"end":{"line":6,"column":56}},"locations":[{"start":{"line":6,"column":26},"end":{"line":6,"column":56}}]},"2":{"type":"branch","line":6,"loc":{"start":{"line":6,"column":48},"end":{"line":6,"column":78}},"locations":[{"start":{"line":6,"column":48},"end":{"line":6,"column":78}}]},"3":{"type":"branch","line":15,"loc":{"start":{"line":15,"column":7},"end":{"line":36,"column":1}},"locations":[{"start":{"line":15,"column":7},"end":{"line":36,"column":1}}]},"4":{"type":"branch","line":18,"loc":{"start":{"line":18,"column":35},"end":{"line":34,"column":3}},"locations":[{"start":{"line":18,"column":35},"end":{"line":34,"column":3}}]},"5":{"type":"branch","line":20,"loc":{"start":{"line":20,"column":26},"end":{"line":22,"column":5}},"locations":[{"start":{"line":20,"column":26},"end":{"line":22,"column":5}}]},"6":{"type":"branch","line":22,"loc":{"start":{"line":22,"column":4},"end":{"line":23,"column":54}},"locations":[{"start":{"line":22,"column":4},"end":{"line":23,"column":54}}]},"7":{"type":"branch","line":23,"loc":{"start":{"line":23,"column":54},"end":{"line":33,"column":5}},"locations":[{"start":{"line":23,"column":54},"end":{"line":33,"column":5}}]},"8":{"type":"branch","line":24,"loc":{"start":{"line":24,"column":37},"end":{"line":27,"column":7}},"locations":[{"start":{"line":24,"column":37},"end":{"line":27,"column":7}}]},"9":{"type":"branch","line":27,"loc":{"start":{"line":27,"column":6},"end":{"line":29,"column":86}},"locations":[{"start":{"line":27,"column":6},"end":{"line":29,"column":86}}]},"10":{"type":"branch","line":30,"loc":{"start":{"line":30,"column":10},"end":{"line":30,"column":52}},"locations":[{"start":{"line":30,"column":10},"end":{"line":30,"column":52}}]},"11":{"type":"branch","line":30,"loc":{"start":{"line":30,"column":46},"end":{"line":30,"column":109}},"locations":[{"start":{"line":30,"column":46},"end":{"line":30,"column":109}}]},"12":{"type":"branch","line":30,"loc":{"start":{"line":30,"column":69},"end":{"line":30,"column":109}},"locations":[{"start":{"line":30,"column":69},"end":{"line":30,"column":109}}]},"13":{"type":"branch","line":30,"loc":{"start":{"line":30,"column":109},"end":{"line":32,"column":7}},"locations":[{"start":{"line":30,"column":109},"end":{"line":32,"column":7}}]},"14":{"type":"branch","line":33,"loc":{"start":{"line":33,"column":4},"end":{"line":34,"column":3}},"locations":[{"start":{"line":33,"column":4},"end":{"line":34,"column":3}}]},"15":{"type":"branch","line":41,"loc":{"start":{"line":41,"column":7},"end":{"line":72,"column":1}},"locations":[{"start":{"line":41,"column":7},"end":{"line":72,"column":1}}]},"16":{"type":"branch","line":44,"loc":{"start":{"line":44,"column":13},"end":{"line":45,"column":84}},"locations":[{"start":{"line":44,"column":13},"end":{"line":45,"column":84}}]},"17":{"type":"branch","line":45,"loc":{"start":{"line":45,"column":73},"end":{"line":46,"column":69}},"locations":[{"start":{"line":45,"column":73},"end":{"line":46,"column":69}}]},"18":{"type":"branch","line":48,"loc":{"start":{"line":48,"column":26},"end":{"line":62,"column":3}},"locations":[{"start":{"line":48,"column":26},"end":{"line":62,"column":3}}]},"19":{"type":"branch","line":50,"loc":{"start":{"line":50,"column":25},"end":{"line":50,"column":62}},"locations":[{"start":{"line":50,"column":25},"end":{"line":50,"column":62}}]},"20":{"type":"branch","line":50,"loc":{"start":{"line":50,"column":62},"end":{"line":52,"column":5}},"locations":[{"start":{"line":50,"column":62},"end":{"line":52,"column":5}}]},"21":{"type":"branch","line":52,"loc":{"start":{"line":52,"column":4},"end":{"line":53,"column":32}},"locations":[{"start":{"line":52,"column":4},"end":{"line":53,"column":32}}]},"22":{"type":"branch","line":53,"loc":{"start":{"line":53,"column":27},"end":{"line":53,"column":50}},"locations":[{"start":{"line":53,"column":27},"end":{"line":53,"column":50}}]},"23":{"type":"branch","line":53,"loc":{"start":{"line":53,"column":50},"end":{"line":61,"column":5}},"locations":[{"start":{"line":53,"column":50},"end":{"line":61,"column":5}}]},"24":{"type":"branch","line":62,"loc":{"start":{"line":62,"column":2},"end":{"line":64,"column":26}},"locations":[{"start":{"line":62,"column":2},"end":{"line":64,"column":26}}]},"25":{"type":"branch","line":64,"loc":{"start":{"line":64,"column":26},"end":{"line":69,"column":3}},"locations":[{"start":{"line":64,"column":26},"end":{"line":69,"column":3}}]},"26":{"type":"branch","line":66,"loc":{"start":{"line":66,"column":25},"end":{"line":66,"column":61}},"locations":[{"start":{"line":66,"column":25},"end":{"line":66,"column":61}}]},"27":{"type":"branch","line":66,"loc":{"start":{"line":66,"column":61},"end":{"line":68,"column":5}},"locations":[{"start":{"line":66,"column":61},"end":{"line":68,"column":5}}]},"28":{"type":"branch","line":69,"loc":{"start":{"line":69,"column":2},"end":{"line":72,"column":1}},"locations":[{"start":{"line":69,"column":2},"end":{"line":72,"column":1}}]},"29":{"type":"branch","line":55,"loc":{"start":{"line":55,"column":13},"end":{"line":55,"column":75}},"locations":[{"start":{"line":55,"column":13},"end":{"line":55,"column":75}}]},"30":{"type":"branch","line":55,"loc":{"start":{"line":55,"column":53},"end":{"line":55,"column":75}},"locations":[{"start":{"line":55,"column":53},"end":{"line":55,"column":75}}]},"31":{"type":"branch","line":56,"loc":{"start":{"line":56,"column":13},"end":{"line":56,"column":36}},"locations":[{"start":{"line":56,"column":13},"end":{"line":56,"column":36}}]},"32":{"type":"branch","line":57,"loc":{"start":{"line":57,"column":16},"end":{"line":57,"column":43}},"locations":[{"start":{"line":57,"column":16},"end":{"line":57,"column":43}}]}},"b":{"0":[156],"1":[8],"2":[7],"3":[26],"4":[156],"5":[150],"6":[6],"7":[7],"8":[5],"9":[2],"10":[1],"11":[1],"12":[0],"13":[1],"14":[6],"15":[17],"16":[12],"17":[5],"18":[66],"19":[11],"20":[10],"21":[56],"22":[2],"23":[2],"24":[5],"25":[25],"26":[1],"27":[1],"28":[4],"29":[6],"30":[0],"31":[6],"32":[6]},"fnMap":{"0":{"name":"isRecord","decl":{"start":{"line":5,"column":0},"end":{"line":7,"column":1}},"loc":{"start":{"line":5,"column":0},"end":{"line":7,"column":1}},"line":5},"1":{"name":"mergeNestedPatternArgs","decl":{"start":{"line":15,"column":7},"end":{"line":36,"column":1}},"loc":{"start":{"line":15,"column":7},"end":{"line":36,"column":1}},"line":15},"2":{"name":"coerceSearchPattern","decl":{"start":{"line":41,"column":7},"end":{"line":72,"column":1}},"loc":{"start":{"line":41,"column":7},"end":{"line":72,"column":1}},"line":41}},"f":{"0":156,"1":26,"2":17}}
}
