{"/Users/eduardomendonca/projetos/cappy/webview/src/bridge/MessageValidators.ts": {"path":"/Users/eduardomendonca/projetos/cappy/webview/src/bridge/MessageValidators.ts","all":false,"statementMap":{"18":{"start":{"line":19,"column":0},"end":{"line":19,"column":77}},"19":{"start":{"line":20,"column":0},"end":{"line":20,"column":71}},"20":{"start":{"line":21,"column":0},"end":{"line":21,"column":18}},"22":{"start":{"line":23,"column":0},"end":{"line":23,"column":19}},"23":{"start":{"line":24,"column":0},"end":{"line":24,"column":63}},"24":{"start":{"line":25,"column":0},"end":{"line":25,"column":40}},"25":{"start":{"line":26,"column":0},"end":{"line":26,"column":65}},"26":{"start":{"line":27,"column":0},"end":{"line":27,"column":40}},"27":{"start":{"line":28,"column":0},"end":{"line":28,"column":24}},"28":{"start":{"line":29,"column":0},"end":{"line":29,"column":26}},"29":{"start":{"line":30,"column":0},"end":{"line":30,"column":25}},"30":{"start":{"line":31,"column":0},"end":{"line":31,"column":36}},"31":{"start":{"line":32,"column":0},"end":{"line":32,"column":23}},"32":{"start":{"line":33,"column":0},"end":{"line":33,"column":70}},"33":{"start":{"line":34,"column":0},"end":{"line":34,"column":68}},"34":{"start":{"line":35,"column":0},"end":{"line":35,"column":17}},"35":{"start":{"line":36,"column":0},"end":{"line":36,"column":43}},"36":{"start":{"line":37,"column":0},"end":{"line":37,"column":25}},"37":{"start":{"line":38,"column":0},"end":{"line":38,"column":37}},"38":{"start":{"line":39,"column":0},"end":{"line":39,"column":21}},"39":{"start":{"line":40,"column":0},"end":{"line":40,"column":79}},"40":{"start":{"line":41,"column":0},"end":{"line":41,"column":25}},"41":{"start":{"line":42,"column":0},"end":{"line":42,"column":48}},"42":{"start":{"line":43,"column":0},"end":{"line":43,"column":44}},"43":{"start":{"line":44,"column":0},"end":{"line":44,"column":59}},"44":{"start":{"line":45,"column":0},"end":{"line":45,"column":47}},"45":{"start":{"line":46,"column":0},"end":{"line":46,"column":50}},"46":{"start":{"line":47,"column":0},"end":{"line":47,"column":29}},"47":{"start":{"line":48,"column":0},"end":{"line":48,"column":97}},"48":{"start":{"line":49,"column":0},"end":{"line":49,"column":32}},"49":{"start":{"line":50,"column":0},"end":{"line":50,"column":45}},"50":{"start":{"line":51,"column":0},"end":{"line":51,"column":39}},"51":{"start":{"line":52,"column":0},"end":{"line":52,"column":39}},"52":{"start":{"line":53,"column":0},"end":{"line":53,"column":71}},"53":{"start":{"line":54,"column":0},"end":{"line":54,"column":23}},"54":{"start":{"line":55,"column":0},"end":{"line":55,"column":93}},"55":{"start":{"line":56,"column":0},"end":{"line":56,"column":61}},"56":{"start":{"line":57,"column":0},"end":{"line":57,"column":12}},"57":{"start":{"line":58,"column":0},"end":{"line":58,"column":19}},"58":{"start":{"line":59,"column":0},"end":{"line":59,"column":3}},"59":{"start":{"line":60,"column":0},"end":{"line":60,"column":1}},"63":{"start":{"line":64,"column":0},"end":{"line":64,"column":61}},"64":{"start":{"line":65,"column":0},"end":{"line":65,"column":45}},"65":{"start":{"line":66,"column":0},"end":{"line":66,"column":1}},"67":{"start":{"line":68,"column":0},"end":{"line":68,"column":48}},"68":{"start":{"line":69,"column":0},"end":{"line":69,"column":51}},"69":{"start":{"line":70,"column":0},"end":{"line":70,"column":56}},"70":{"start":{"line":71,"column":0},"end":{"line":71,"column":1}},"72":{"start":{"line":73,"column":0},"end":{"line":73,"column":62}},"73":{"start":{"line":74,"column":0},"end":{"line":74,"column":33}},"74":{"start":{"line":75,"column":0},"end":{"line":75,"column":117}},"75":{"start":{"line":76,"column":0},"end":{"line":76,"column":44}},"76":{"start":{"line":77,"column":0},"end":{"line":77,"column":38}},"77":{"start":{"line":78,"column":0},"end":{"line":78,"column":51}},"78":{"start":{"line":79,"column":0},"end":{"line":79,"column":35}},"79":{"start":{"line":80,"column":0},"end":{"line":80,"column":29}},"80":{"start":{"line":81,"column":0},"end":{"line":81,"column":75}},"81":{"start":{"line":82,"column":0},"end":{"line":82,"column":37}},"82":{"start":{"line":83,"column":0},"end":{"line":83,"column":8}},"83":{"start":{"line":84,"column":0},"end":{"line":84,"column":4}},"84":{"start":{"line":85,"column":0},"end":{"line":85,"column":1}},"86":{"start":{"line":87,"column":0},"end":{"line":87,"column":54}},"87":{"start":{"line":88,"column":0},"end":{"line":88,"column":102}},"88":{"start":{"line":89,"column":0},"end":{"line":89,"column":26}},"89":{"start":{"line":90,"column":0},"end":{"line":90,"column":45}},"90":{"start":{"line":91,"column":0},"end":{"line":91,"column":96}},"91":{"start":{"line":92,"column":0},"end":{"line":92,"column":46}},"92":{"start":{"line":93,"column":0},"end":{"line":93,"column":97}},"93":{"start":{"line":94,"column":0},"end":{"line":94,"column":73}},"94":{"start":{"line":95,"column":0},"end":{"line":95,"column":92}},"95":{"start":{"line":96,"column":0},"end":{"line":96,"column":35}},"96":{"start":{"line":97,"column":0},"end":{"line":97,"column":39}},"97":{"start":{"line":98,"column":0},"end":{"line":98,"column":84}},"98":{"start":{"line":99,"column":0},"end":{"line":99,"column":6}},"99":{"start":{"line":100,"column":0},"end":{"line":100,"column":1}},"101":{"start":{"line":102,"column":0},"end":{"line":102,"column":46}},"102":{"start":{"line":103,"column":0},"end":{"line":103,"column":23}},"103":{"start":{"line":104,"column":0},"end":{"line":104,"column":39}},"104":{"start":{"line":105,"column":0},"end":{"line":105,"column":33}},"105":{"start":{"line":106,"column":0},"end":{"line":106,"column":38}},"106":{"start":{"line":107,"column":0},"end":{"line":107,"column":1}}},"s":{"18":1,"19":49,"20":45,"22":45,"23":49,"24":49,"25":49,"26":49,"27":49,"28":49,"29":49,"30":9,"31":49,"32":4,"33":3,"34":49,"35":2,"36":49,"37":4,"38":49,"39":3,"40":49,"41":3,"42":2,"43":2,"44":2,"45":1,"46":49,"47":4,"48":49,"49":4,"50":4,"51":3,"52":3,"53":49,"54":4,"55":3,"56":49,"57":1,"58":49,"59":49,"63":91,"64":91,"65":91,"67":13,"68":13,"69":13,"70":13,"72":2,"73":2,"74":2,"75":2,"76":2,"77":2,"78":2,"79":2,"80":2,"81":1,"82":2,"83":2,"84":2,"86":4,"87":4,"88":3,"89":3,"90":4,"91":2,"92":4,"93":2,"94":4,"95":2,"96":2,"97":2,"98":2,"99":4,"101":2,"102":2,"103":2,"104":2,"105":1,"106":2},"branchMap":{"0":{"type":"branch","line":19,"loc":{"start":{"line":19,"column":7},"end":{"line":60,"column":1}},"locations":[{"start":{"line":19,"column":7},"end":{"line":60,"column":1}}]},"1":{"type":"branch","line":20,"loc":{"start":{"line":20,"column":21},"end":{"line":20,"column":58}},"locations":[{"start":{"line":20,"column":21},"end":{"line":20,"column":58}}]},"2":{"type":"branch","line":20,"loc":{"start":{"line":20,"column":58},"end":{"line":20,"column":71}},"locations":[{"start":{"line":20,"column":58},"end":{"line":20,"column":71}}]},"3":{"type":"branch","line":20,"loc":{"start":{"line":20,"column":65},"end":{"line":23,"column":19}},"locations":[{"start":{"line":20,"column":65},"end":{"line":23,"column":19}}]},"4":{"type":"branch","line":24,"loc":{"start":{"line":24,"column":4},"end":{"line":24,"column":63}},"locations":[{"start":{"line":24,"column":4},"end":{"line":24,"column":63}}]},"5":{"type":"branch","line":25,"loc":{"start":{"line":25,"column":4},"end":{"line":25,"column":40}},"locations":[{"start":{"line":25,"column":4},"end":{"line":25,"column":40}}]},"6":{"type":"branch","line":26,"loc":{"start":{"line":26,"column":4},"end":{"line":26,"column":65}},"locations":[{"start":{"line":26,"column":4},"end":{"line":26,"column":65}}]},"7":{"type":"branch","line":27,"loc":{"start":{"line":27,"column":4},"end":{"line":27,"column":40}},"locations":[{"start":{"line":27,"column":4},"end":{"line":27,"column":40}}]},"8":{"type":"branch","line":28,"loc":{"start":{"line":28,"column":4},"end":{"line":28,"column":24}},"locations":[{"start":{"line":28,"column":4},"end":{"line":28,"column":24}}]},"9":{"type":"branch","line":29,"loc":{"start":{"line":29,"column":4},"end":{"line":29,"column":26}},"locations":[{"start":{"line":29,"column":4},"end":{"line":29,"column":26}}]},"10":{"type":"branch","line":30,"loc":{"start":{"line":30,"column":4},"end":{"line":31,"column":36}},"locations":[{"start":{"line":30,"column":4},"end":{"line":31,"column":36}}]},"11":{"type":"branch","line":32,"loc":{"start":{"line":32,"column":4},"end":{"line":34,"column":68}},"locations":[{"start":{"line":32,"column":4},"end":{"line":34,"column":68}}]},"12":{"type":"branch","line":33,"loc":{"start":{"line":33,"column":59},"end":{"line":34,"column":68}},"locations":[{"start":{"line":33,"column":59},"end":{"line":34,"column":68}}]},"13":{"type":"branch","line":34,"loc":{"start":{"line":34,"column":24},"end":{"line":34,"column":68}},"locations":[{"start":{"line":34,"column":24},"end":{"line":34,"column":68}}]},"14":{"type":"branch","line":35,"loc":{"start":{"line":35,"column":4},"end":{"line":36,"column":43}},"locations":[{"start":{"line":35,"column":4},"end":{"line":36,"column":43}}]},"15":{"type":"branch","line":37,"loc":{"start":{"line":37,"column":4},"end":{"line":38,"column":37}},"locations":[{"start":{"line":37,"column":4},"end":{"line":38,"column":37}}]},"16":{"type":"branch","line":39,"loc":{"start":{"line":39,"column":4},"end":{"line":40,"column":79}},"locations":[{"start":{"line":39,"column":4},"end":{"line":40,"column":79}}]},"17":{"type":"branch","line":41,"loc":{"start":{"line":41,"column":4},"end":{"line":46,"column":50}},"locations":[{"start":{"line":41,"column":4},"end":{"line":46,"column":50}}]},"18":{"type":"branch","line":42,"loc":{"start":{"line":42,"column":37},"end":{"line":43,"column":44}},"locations":[{"start":{"line":42,"column":37},"end":{"line":43,"column":44}}]},"19":{"type":"branch","line":43,"loc":{"start":{"line":43,"column":33},"end":{"line":44,"column":59}},"locations":[{"start":{"line":43,"column":33},"end":{"line":44,"column":59}}]},"20":{"type":"branch","line":44,"loc":{"start":{"line":44,"column":48},"end":{"line":45,"column":47}},"locations":[{"start":{"line":44,"column":48},"end":{"line":45,"column":47}}]},"21":{"type":"branch","line":45,"loc":{"start":{"line":45,"column":35},"end":{"line":46,"column":50}},"locations":[{"start":{"line":45,"column":35},"end":{"line":46,"column":50}}]},"22":{"type":"branch","line":47,"loc":{"start":{"line":47,"column":4},"end":{"line":48,"column":97}},"locations":[{"start":{"line":47,"column":4},"end":{"line":48,"column":97}}]},"23":{"type":"branch","line":48,"loc":{"start":{"line":48,"column":34},"end":{"line":48,"column":97}},"locations":[{"start":{"line":48,"column":34},"end":{"line":48,"column":97}}]},"24":{"type":"branch","line":48,"loc":{"start":{"line":48,"column":57},"end":{"line":48,"column":97}},"locations":[{"start":{"line":48,"column":57},"end":{"line":48,"column":97}}]},"25":{"type":"branch","line":49,"loc":{"start":{"line":49,"column":4},"end":{"line":53,"column":71}},"locations":[{"start":{"line":49,"column":4},"end":{"line":53,"column":71}}]},"26":{"type":"branch","line":51,"loc":{"start":{"line":51,"column":28},"end":{"line":52,"column":39}},"locations":[{"start":{"line":51,"column":28},"end":{"line":52,"column":39}}]},"27":{"type":"branch","line":52,"loc":{"start":{"line":52,"column":28},"end":{"line":53,"column":71}},"locations":[{"start":{"line":52,"column":28},"end":{"line":53,"column":71}}]},"28":{"type":"branch","line":53,"loc":{"start":{"line":53,"column":25},"end":{"line":53,"column":71}},"locations":[{"start":{"line":53,"column":25},"end":{"line":53,"column":71}}]},"29":{"type":"branch","line":54,"loc":{"start":{"line":54,"column":4},"end":{"line":56,"column":61}},"locations":[{"start":{"line":54,"column":4},"end":{"line":56,"column":61}}]},"30":{"type":"branch","line":55,"loc":{"start":{"line":55,"column":37},"end":{"line":55,"column":93}},"locations":[{"start":{"line":55,"column":37},"end":{"line":55,"column":93}}]},"31":{"type":"branch","line":55,"loc":{"start":{"line":55,"column":78},"end":{"line":56,"column":61}},"locations":[{"start":{"line":55,"column":78},"end":{"line":56,"column":61}}]},"32":{"type":"branch","line":57,"loc":{"start":{"line":57,"column":4},"end":{"line":58,"column":19}},"locations":[{"start":{"line":57,"column":4},"end":{"line":58,"column":19}}]},"33":{"type":"branch","line":64,"loc":{"start":{"line":64,"column":0},"end":{"line":66,"column":1}},"locations":[{"start":{"line":64,"column":0},"end":{"line":66,"column":1}}]},"34":{"type":"branch","line":65,"loc":{"start":{"line":65,"column":22},"end":{"line":65,"column":45}},"locations":[{"start":{"line":65,"column":22},"end":{"line":65,"column":45}}]},"35":{"type":"branch","line":68,"loc":{"start":{"line":68,"column":0},"end":{"line":71,"column":1}},"locations":[{"start":{"line":68,"column":0},"end":{"line":71,"column":1}}]},"36":{"type":"branch","line":69,"loc":{"start":{"line":69,"column":19},"end":{"line":69,"column":51}},"locations":[{"start":{"line":69,"column":19},"end":{"line":69,"column":51}}]},"37":{"type":"branch","line":69,"loc":{"start":{"line":69,"column":40},"end":{"line":70,"column":34}},"locations":[{"start":{"line":69,"column":40},"end":{"line":70,"column":34}}]},"38":{"type":"branch","line":70,"loc":{"start":{"line":70,"column":22},"end":{"line":70,"column":56}},"locations":[{"start":{"line":70,"column":22},"end":{"line":70,"column":56}}]},"39":{"type":"branch","line":73,"loc":{"start":{"line":73,"column":0},"end":{"line":85,"column":1}},"locations":[{"start":{"line":73,"column":0},"end":{"line":85,"column":1}}]},"40":{"type":"branch","line":74,"loc":{"start":{"line":74,"column":20},"end":{"line":74,"column":33}},"locations":[{"start":{"line":74,"column":20},"end":{"line":74,"column":33}}]},"41":{"type":"branch","line":75,"loc":{"start":{"line":75,"column":104},"end":{"line":75,"column":117}},"locations":[{"start":{"line":75,"column":104},"end":{"line":75,"column":117}}]},"42":{"type":"branch","line":76,"loc":{"start":{"line":76,"column":31},"end":{"line":76,"column":44}},"locations":[{"start":{"line":76,"column":31},"end":{"line":76,"column":44}}]},"43":{"type":"branch","line":78,"loc":{"start":{"line":78,"column":4},"end":{"line":83,"column":8}},"locations":[{"start":{"line":78,"column":4},"end":{"line":83,"column":8}}]},"44":{"type":"branch","line":80,"loc":{"start":{"line":80,"column":8},"end":{"line":82,"column":37}},"locations":[{"start":{"line":80,"column":8},"end":{"line":82,"column":37}}]},"45":{"type":"branch","line":81,"loc":{"start":{"line":81,"column":46},"end":{"line":81,"column":75}},"locations":[{"start":{"line":81,"column":46},"end":{"line":81,"column":75}}]},"46":{"type":"branch","line":81,"loc":{"start":{"line":81,"column":66},"end":{"line":82,"column":37}},"locations":[{"start":{"line":81,"column":66},"end":{"line":82,"column":37}}]},"47":{"type":"branch","line":87,"loc":{"start":{"line":87,"column":0},"end":{"line":100,"column":1}},"locations":[{"start":{"line":87,"column":0},"end":{"line":100,"column":1}}]},"48":{"type":"branch","line":88,"loc":{"start":{"line":88,"column":44},"end":{"line":88,"column":71}},"locations":[{"start":{"line":88,"column":44},"end":{"line":88,"column":71}}]},"49":{"type":"branch","line":88,"loc":{"start":{"line":88,"column":66},"end":{"line":88,"column":89}},"locations":[{"start":{"line":88,"column":66},"end":{"line":88,"column":89}}]},"50":{"type":"branch","line":88,"loc":{"start":{"line":88,"column":89},"end":{"line":88,"column":102}},"locations":[{"start":{"line":88,"column":89},"end":{"line":88,"column":102}}]},"51":{"type":"branch","line":88,"loc":{"start":{"line":88,"column":96},"end":{"line":90,"column":45}},"locations":[{"start":{"line":88,"column":96},"end":{"line":90,"column":45}}]},"52":{"type":"branch","line":90,"loc":{"start":{"line":90,"column":33},"end":{"line":91,"column":83}},"locations":[{"start":{"line":90,"column":33},"end":{"line":91,"column":83}}]},"53":{"type":"branch","line":91,"loc":{"start":{"line":91,"column":83},"end":{"line":91,"column":96}},"locations":[{"start":{"line":91,"column":83},"end":{"line":91,"column":96}}]},"54":{"type":"branch","line":91,"loc":{"start":{"line":91,"column":90},"end":{"line":92,"column":46}},"locations":[{"start":{"line":91,"column":90},"end":{"line":92,"column":46}}]},"55":{"type":"branch","line":92,"loc":{"start":{"line":92,"column":34},"end":{"line":93,"column":84}},"locations":[{"start":{"line":92,"column":34},"end":{"line":93,"column":84}}]},"56":{"type":"branch","line":93,"loc":{"start":{"line":93,"column":84},"end":{"line":93,"column":97}},"locations":[{"start":{"line":93,"column":84},"end":{"line":93,"column":97}}]},"57":{"type":"branch","line":93,"loc":{"start":{"line":93,"column":91},"end":{"line":94,"column":73}},"locations":[{"start":{"line":93,"column":91},"end":{"line":94,"column":73}}]},"58":{"type":"branch","line":94,"loc":{"start":{"line":94,"column":62},"end":{"line":95,"column":48}},"locations":[{"start":{"line":94,"column":62},"end":{"line":95,"column":48}}]},"59":{"type":"branch","line":95,"loc":{"start":{"line":95,"column":36},"end":{"line":95,"column":92}},"locations":[{"start":{"line":95,"column":36},"end":{"line":95,"column":92}}]},"60":{"type":"branch","line":95,"loc":{"start":{"line":95,"column":81},"end":{"line":96,"column":35}},"locations":[{"start":{"line":95,"column":81},"end":{"line":96,"column":35}}]},"61":{"type":"branch","line":96,"loc":{"start":{"line":96,"column":31},"end":{"line":99,"column":6}},"locations":[{"start":{"line":96,"column":31},"end":{"line":99,"column":6}}]},"62":{"type":"branch","line":102,"loc":{"start":{"line":102,"column":0},"end":{"line":107,"column":1}},"locations":[{"start":{"line":102,"column":0},"end":{"line":107,"column":1}}]},"63":{"type":"branch","line":105,"loc":{"start":{"line":105,"column":22},"end":{"line":106,"column":38}},"locations":[{"start":{"line":105,"column":22},"end":{"line":106,"column":38}}]}},"b":{"0":[49],"1":[47],"2":[4],"3":[45],"4":[3],"5":[1],"6":[2],"7":[1],"8":[3],"9":[6],"10":[9],"11":[4],"12":[3],"13":[2],"14":[2],"15":[4],"16":[3],"17":[3],"18":[2],"19":[2],"20":[2],"21":[1],"22":[4],"23":[3],"24":[2],"25":[4],"26":[3],"27":[3],"28":[2],"29":[4],"30":[2],"31":[3],"32":[1],"33":[91],"34":[86],"35":[13],"36":[10],"37":[7],"38":[7],"39":[2],"40":[0],"41":[0],"42":[0],"43":[2],"44":[2],"45":[1],"46":[1],"47":[4],"48":[3],"49":[3],"50":[1],"51":[3],"52":[2],"53":[1],"54":[2],"55":[0],"56":[0],"57":[2],"58":[2],"59":[2],"60":[2],"61":[2],"62":[2],"63":[1]},"fnMap":{"0":{"name":"isIncomingMessage","decl":{"start":{"line":19,"column":7},"end":{"line":60,"column":1}},"loc":{"start":{"line":19,"column":7},"end":{"line":60,"column":1}},"line":19},"1":{"name":"isRecord","decl":{"start":{"line":64,"column":0},"end":{"line":66,"column":1}},"loc":{"start":{"line":64,"column":0},"end":{"line":66,"column":1}},"line":64},"2":{"name":"isToolCall","decl":{"start":{"line":68,"column":0},"end":{"line":71,"column":1}},"loc":{"start":{"line":68,"column":0},"end":{"line":71,"column":1}},"line":68},"3":{"name":"isFileDiffPayload","decl":{"start":{"line":73,"column":0},"end":{"line":85,"column":1}},"loc":{"start":{"line":73,"column":0},"end":{"line":85,"column":1}},"line":73},"4":{"name":"isCappyConfig","decl":{"start":{"line":87,"column":0},"end":{"line":100,"column":1}},"loc":{"start":{"line":87,"column":0},"end":{"line":100,"column":1}},"line":87},"5":{"name":"isMcpTool","decl":{"start":{"line":102,"column":0},"end":{"line":107,"column":1}},"loc":{"start":{"line":102,"column":0},"end":{"line":107,"column":1}},"line":102}},"f":{"0":49,"1":91,"2":13,"3":2,"4":4,"5":2}}
,"/Users/eduardomendonca/projetos/cappy/webview/src/domain/entities/ChatState.ts": {"path":"/Users/eduardomendonca/projetos/cappy/webview/src/domain/entities/ChatState.ts","all":false,"statementMap":{"43":{"start":{"line":44,"column":0},"end":{"line":44,"column":50}},"44":{"start":{"line":45,"column":0},"end":{"line":45,"column":35}},"45":{"start":{"line":46,"column":0},"end":{"line":46,"column":39}},"46":{"start":{"line":47,"column":0},"end":{"line":47,"column":2}},"48":{"start":{"line":49,"column":0},"end":{"line":49,"column":46}},"49":{"start":{"line":50,"column":0},"end":{"line":50,"column":15}},"50":{"start":{"line":51,"column":0},"end":{"line":51,"column":22}},"51":{"start":{"line":52,"column":0},"end":{"line":52,"column":21}},"52":{"start":{"line":53,"column":0},"end":{"line":53,"column":21}},"53":{"start":{"line":54,"column":0},"end":{"line":54,"column":17}},"54":{"start":{"line":55,"column":0},"end":{"line":55,"column":26}},"55":{"start":{"line":56,"column":0},"end":{"line":56,"column":19}},"56":{"start":{"line":57,"column":0},"end":{"line":57,"column":21}},"57":{"start":{"line":58,"column":0},"end":{"line":58,"column":21}},"58":{"start":{"line":59,"column":0},"end":{"line":59,"column":22}},"59":{"start":{"line":60,"column":0},"end":{"line":60,"column":20}},"60":{"start":{"line":61,"column":0},"end":{"line":61,"column":34}},"61":{"start":{"line":62,"column":0},"end":{"line":62,"column":2}}},"s":{"43":1,"44":1,"45":1,"46":1,"48":1,"49":1,"50":1,"51":1,"52":1,"53":1,"54":1,"55":1,"56":1,"57":1,"58":1,"59":1,"60":1,"61":1},"branchMap":{},"b":{},"fnMap":{},"f":{}}
,"/Users/eduardomendonca/projetos/cappy/webview/src/domain/services/ActivityService.ts": {"path":"/Users/eduardomendonca/projetos/cappy/webview/src/domain/services/ActivityService.ts","all":false,"statementMap":{"11":{"start":{"line":12,"column":0},"end":{"line":12,"column":90}},"12":{"start":{"line":13,"column":0},"end":{"line":13,"column":10}},"13":{"start":{"line":14,"column":0},"end":{"line":14,"column":12}},"14":{"start":{"line":15,"column":0},"end":{"line":15,"column":14}},"15":{"start":{"line":16,"column":0},"end":{"line":16,"column":48}},"16":{"start":{"line":17,"column":0},"end":{"line":17,"column":15}},"17":{"start":{"line":18,"column":0},"end":{"line":18,"column":28}},"18":{"start":{"line":19,"column":0},"end":{"line":19,"column":4}},"19":{"start":{"line":20,"column":0},"end":{"line":20,"column":1}},"25":{"start":{"line":26,"column":0},"end":{"line":26,"column":30}},"26":{"start":{"line":27,"column":0},"end":{"line":27,"column":33}},"27":{"start":{"line":28,"column":0},"end":{"line":28,"column":22}},"28":{"start":{"line":29,"column":0},"end":{"line":29,"column":18}},"29":{"start":{"line":30,"column":0},"end":{"line":30,"column":70}},"30":{"start":{"line":31,"column":0},"end":{"line":31,"column":56}},"31":{"start":{"line":32,"column":0},"end":{"line":32,"column":1}},"38":{"start":{"line":39,"column":0},"end":{"line":39,"column":70}},"39":{"start":{"line":40,"column":0},"end":{"line":40,"column":43}},"40":{"start":{"line":41,"column":0},"end":{"line":41,"column":50}},"41":{"start":{"line":42,"column":0},"end":{"line":42,"column":68}},"42":{"start":{"line":43,"column":0},"end":{"line":43,"column":64}},"44":{"start":{"line":45,"column":0},"end":{"line":45,"column":30}},"45":{"start":{"line":46,"column":0},"end":{"line":46,"column":26}},"46":{"start":{"line":47,"column":0},"end":{"line":47,"column":48}},"47":{"start":{"line":48,"column":0},"end":{"line":48,"column":43}},"48":{"start":{"line":49,"column":0},"end":{"line":49,"column":6}},"49":{"start":{"line":50,"column":0},"end":{"line":50,"column":3}},"50":{"start":{"line":51,"column":0},"end":{"line":51,"column":80}},"51":{"start":{"line":52,"column":0},"end":{"line":52,"column":26}},"52":{"start":{"line":53,"column":0},"end":{"line":53,"column":29}},"53":{"start":{"line":54,"column":0},"end":{"line":54,"column":98}},"54":{"start":{"line":55,"column":0},"end":{"line":55,"column":6}},"55":{"start":{"line":56,"column":0},"end":{"line":56,"column":3}},"56":{"start":{"line":57,"column":0},"end":{"line":57,"column":54}},"57":{"start":{"line":58,"column":0},"end":{"line":58,"column":26}},"58":{"start":{"line":59,"column":0},"end":{"line":59,"column":70}},"59":{"start":{"line":60,"column":0},"end":{"line":60,"column":69}},"60":{"start":{"line":61,"column":0},"end":{"line":61,"column":6}},"61":{"start":{"line":62,"column":0},"end":{"line":62,"column":3}},"62":{"start":{"line":63,"column":0},"end":{"line":63,"column":56}},"63":{"start":{"line":64,"column":0},"end":{"line":64,"column":26}},"64":{"start":{"line":65,"column":0},"end":{"line":65,"column":57}},"65":{"start":{"line":66,"column":0},"end":{"line":66,"column":62}},"66":{"start":{"line":67,"column":0},"end":{"line":67,"column":6}},"67":{"start":{"line":68,"column":0},"end":{"line":68,"column":3}},"68":{"start":{"line":69,"column":0},"end":{"line":69,"column":84}},"69":{"start":{"line":70,"column":0},"end":{"line":70,"column":26}},"70":{"start":{"line":71,"column":0},"end":{"line":71,"column":39}},"71":{"start":{"line":72,"column":0},"end":{"line":72,"column":98}},"72":{"start":{"line":73,"column":0},"end":{"line":73,"column":6}},"73":{"start":{"line":74,"column":0},"end":{"line":74,"column":3}},"74":{"start":{"line":75,"column":0},"end":{"line":75,"column":24}},"75":{"start":{"line":76,"column":0},"end":{"line":76,"column":39}},"76":{"start":{"line":77,"column":0},"end":{"line":77,"column":54}},"77":{"start":{"line":78,"column":0},"end":{"line":78,"column":4}},"78":{"start":{"line":79,"column":0},"end":{"line":79,"column":1}},"82":{"start":{"line":83,"column":0},"end":{"line":83,"column":90}},"84":{"start":{"line":85,"column":0},"end":{"line":85,"column":78}},"85":{"start":{"line":86,"column":0},"end":{"line":86,"column":32}},"86":{"start":{"line":87,"column":0},"end":{"line":87,"column":24}},"87":{"start":{"line":88,"column":0},"end":{"line":88,"column":56}},"88":{"start":{"line":89,"column":0},"end":{"line":89,"column":3}},"89":{"start":{"line":90,"column":0},"end":{"line":90,"column":14}},"90":{"start":{"line":91,"column":0},"end":{"line":91,"column":1}},"92":{"start":{"line":93,"column":0},"end":{"line":93,"column":33}},"93":{"start":{"line":94,"column":0},"end":{"line":94,"column":32}},"94":{"start":{"line":95,"column":0},"end":{"line":95,"column":17}},"95":{"start":{"line":96,"column":0},"end":{"line":96,"column":18}},"96":{"start":{"line":97,"column":0},"end":{"line":97,"column":27}},"97":{"start":{"line":98,"column":0},"end":{"line":98,"column":24}},"98":{"start":{"line":99,"column":0},"end":{"line":99,"column":56}},"99":{"start":{"line":100,"column":0},"end":{"line":100,"column":3}},"100":{"start":{"line":101,"column":0},"end":{"line":101,"column":14}},"101":{"start":{"line":102,"column":0},"end":{"line":102,"column":1}},"103":{"start":{"line":104,"column":0},"end":{"line":104,"column":51}},"104":{"start":{"line":105,"column":0},"end":{"line":105,"column":71}},"105":{"start":{"line":106,"column":0},"end":{"line":106,"column":1}}},"s":{"11":1,"12":31,"13":31,"14":31,"15":31,"16":31,"17":31,"18":31,"19":31,"25":1,"26":13,"27":13,"28":13,"29":13,"30":3,"31":3,"38":1,"39":11,"40":11,"41":11,"42":11,"44":11,"45":3,"46":3,"47":3,"48":3,"49":3,"50":11,"51":2,"52":2,"53":2,"54":2,"55":2,"56":11,"57":2,"58":2,"59":2,"60":2,"61":2,"62":11,"63":1,"64":1,"65":1,"66":1,"67":1,"68":11,"69":2,"70":2,"71":2,"72":2,"73":2,"74":1,"75":1,"76":11,"77":11,"78":11,"82":1,"84":1,"85":26,"86":89,"87":89,"88":89,"89":14,"90":14,"92":1,"93":44,"94":44,"95":44,"96":44,"97":52,"98":52,"99":52,"100":34,"101":34,"103":3,"104":3,"105":3},"branchMap":{"0":{"type":"branch","line":12,"loc":{"start":{"line":12,"column":7},"end":{"line":20,"column":1}},"locations":[{"start":{"line":12,"column":7},"end":{"line":20,"column":1}}]},"1":{"type":"branch","line":16,"loc":{"start":{"line":16,"column":30},"end":{"line":16,"column":45}},"locations":[{"start":{"line":16,"column":30},"end":{"line":16,"column":45}}]},"2":{"type":"branch","line":26,"loc":{"start":{"line":26,"column":7},"end":{"line":32,"column":1}},"locations":[{"start":{"line":26,"column":7},"end":{"line":32,"column":1}}]},"3":{"type":"branch","line":30,"loc":{"start":{"line":30,"column":7},"end":{"line":30,"column":58}},"locations":[{"start":{"line":30,"column":7},"end":{"line":30,"column":58}}]},"4":{"type":"branch","line":30,"loc":{"start":{"line":30,"column":58},"end":{"line":32,"column":1}},"locations":[{"start":{"line":30,"column":58},"end":{"line":32,"column":1}}]},"5":{"type":"branch","line":30,"loc":{"start":{"line":30,"column":58},"end":{"line":30,"column":70}},"locations":[{"start":{"line":30,"column":58},"end":{"line":30,"column":70}}]},"6":{"type":"branch","line":30,"loc":{"start":{"line":30,"column":65},"end":{"line":32,"column":1}},"locations":[{"start":{"line":30,"column":65},"end":{"line":32,"column":1}}]},"7":{"type":"branch","line":39,"loc":{"start":{"line":39,"column":7},"end":{"line":79,"column":1}},"locations":[{"start":{"line":39,"column":7},"end":{"line":79,"column":1}}]},"8":{"type":"branch","line":45,"loc":{"start":{"line":45,"column":29},"end":{"line":50,"column":3}},"locations":[{"start":{"line":45,"column":29},"end":{"line":50,"column":3}}]},"9":{"type":"branch","line":47,"loc":{"start":{"line":47,"column":6},"end":{"line":47,"column":31}},"locations":[{"start":{"line":47,"column":6},"end":{"line":47,"column":31}}]},"10":{"type":"branch","line":47,"loc":{"start":{"line":47,"column":26},"end":{"line":47,"column":48}},"locations":[{"start":{"line":47,"column":26},"end":{"line":47,"column":48}}]},"11":{"type":"branch","line":48,"loc":{"start":{"line":48,"column":6},"end":{"line":48,"column":43}},"locations":[{"start":{"line":48,"column":6},"end":{"line":48,"column":43}}]},"12":{"type":"branch","line":50,"loc":{"start":{"line":50,"column":2},"end":{"line":51,"column":56}},"locations":[{"start":{"line":50,"column":2},"end":{"line":51,"column":56}}]},"13":{"type":"branch","line":50,"loc":{"start":{"line":50,"column":2},"end":{"line":51,"column":33}},"locations":[{"start":{"line":50,"column":2},"end":{"line":51,"column":33}}]},"14":{"type":"branch","line":51,"loc":{"start":{"line":51,"column":28},"end":{"line":51,"column":56}},"locations":[{"start":{"line":51,"column":28},"end":{"line":51,"column":56}}]},"15":{"type":"branch","line":51,"loc":{"start":{"line":51,"column":51},"end":{"line":51,"column":79}},"locations":[{"start":{"line":51,"column":51},"end":{"line":51,"column":79}}]},"16":{"type":"branch","line":51,"loc":{"start":{"line":51,"column":79},"end":{"line":57,"column":53}},"locations":[{"start":{"line":51,"column":79},"end":{"line":57,"column":53}}]},"17":{"type":"branch","line":51,"loc":{"start":{"line":51,"column":79},"end":{"line":56,"column":3}},"locations":[{"start":{"line":51,"column":79},"end":{"line":56,"column":3}}]},"18":{"type":"branch","line":54,"loc":{"start":{"line":54,"column":40},"end":{"line":54,"column":98}},"locations":[{"start":{"line":54,"column":40},"end":{"line":54,"column":98}}]},"19":{"type":"branch","line":56,"loc":{"start":{"line":56,"column":2},"end":{"line":57,"column":31}},"locations":[{"start":{"line":56,"column":2},"end":{"line":57,"column":31}}]},"20":{"type":"branch","line":57,"loc":{"start":{"line":57,"column":26},"end":{"line":57,"column":53}},"locations":[{"start":{"line":57,"column":26},"end":{"line":57,"column":53}}]},"21":{"type":"branch","line":57,"loc":{"start":{"line":57,"column":53},"end":{"line":63,"column":55}},"locations":[{"start":{"line":57,"column":53},"end":{"line":63,"column":55}}]},"22":{"type":"branch","line":57,"loc":{"start":{"line":57,"column":53},"end":{"line":62,"column":3}},"locations":[{"start":{"line":57,"column":53},"end":{"line":62,"column":3}}]},"23":{"type":"branch","line":59,"loc":{"start":{"line":59,"column":6},"end":{"line":59,"column":36}},"locations":[{"start":{"line":59,"column":6},"end":{"line":59,"column":36}}]},"24":{"type":"branch","line":59,"loc":{"start":{"line":59,"column":31},"end":{"line":59,"column":70}},"locations":[{"start":{"line":59,"column":31},"end":{"line":59,"column":70}}]},"25":{"type":"branch","line":60,"loc":{"start":{"line":60,"column":6},"end":{"line":60,"column":36}},"locations":[{"start":{"line":60,"column":6},"end":{"line":60,"column":36}}]},"26":{"type":"branch","line":60,"loc":{"start":{"line":60,"column":31},"end":{"line":60,"column":69}},"locations":[{"start":{"line":60,"column":31},"end":{"line":60,"column":69}}]},"27":{"type":"branch","line":62,"loc":{"start":{"line":62,"column":2},"end":{"line":63,"column":32}},"locations":[{"start":{"line":62,"column":2},"end":{"line":63,"column":32}}]},"28":{"type":"branch","line":63,"loc":{"start":{"line":63,"column":27},"end":{"line":63,"column":55}},"locations":[{"start":{"line":63,"column":27},"end":{"line":63,"column":55}}]},"29":{"type":"branch","line":63,"loc":{"start":{"line":63,"column":55},"end":{"line":69,"column":59}},"locations":[{"start":{"line":63,"column":55},"end":{"line":69,"column":59}}]},"30":{"type":"branch","line":63,"loc":{"start":{"line":63,"column":55},"end":{"line":68,"column":3}},"locations":[{"start":{"line":63,"column":55},"end":{"line":68,"column":3}}]},"31":{"type":"branch","line":65,"loc":{"start":{"line":65,"column":29},"end":{"line":65,"column":57}},"locations":[{"start":{"line":65,"column":29},"end":{"line":65,"column":57}}]},"32":{"type":"branch","line":66,"loc":{"start":{"line":66,"column":34},"end":{"line":66,"column":62}},"locations":[{"start":{"line":66,"column":34},"end":{"line":66,"column":62}}]},"33":{"type":"branch","line":68,"loc":{"start":{"line":68,"column":2},"end":{"line":69,"column":30}},"locations":[{"start":{"line":68,"column":2},"end":{"line":69,"column":30}}]},"34":{"type":"branch","line":69,"loc":{"start":{"line":69,"column":25},"end":{"line":69,"column":59}},"locations":[{"start":{"line":69,"column":25},"end":{"line":69,"column":59}}]},"35":{"type":"branch","line":69,"loc":{"start":{"line":69,"column":54},"end":{"line":69,"column":83}},"locations":[{"start":{"line":69,"column":54},"end":{"line":69,"column":83}}]},"36":{"type":"branch","line":69,"loc":{"start":{"line":69,"column":83},"end":{"line":77,"column":29}},"locations":[{"start":{"line":69,"column":83},"end":{"line":77,"column":29}}]},"37":{"type":"branch","line":69,"loc":{"start":{"line":69,"column":83},"end":{"line":74,"column":3}},"locations":[{"start":{"line":69,"column":83},"end":{"line":74,"column":3}}]},"38":{"type":"branch","line":72,"loc":{"start":{"line":72,"column":6},"end":{"line":72,"column":50}},"locations":[{"start":{"line":72,"column":6},"end":{"line":72,"column":50}}]},"39":{"type":"branch","line":72,"loc":{"start":{"line":72,"column":45},"end":{"line":72,"column":98}},"locations":[{"start":{"line":72,"column":45},"end":{"line":72,"column":98}}]},"40":{"type":"branch","line":72,"loc":{"start":{"line":72,"column":50},"end":{"line":72,"column":80}},"locations":[{"start":{"line":72,"column":50},"end":{"line":72,"column":80}}]},"41":{"type":"branch","line":74,"loc":{"start":{"line":74,"column":2},"end":{"line":77,"column":11}},"locations":[{"start":{"line":74,"column":2},"end":{"line":77,"column":11}}]},"42":{"type":"branch","line":77,"loc":{"start":{"line":77,"column":4},"end":{"line":77,"column":29}},"locations":[{"start":{"line":77,"column":4},"end":{"line":77,"column":29}}]},"43":{"type":"branch","line":77,"loc":{"start":{"line":77,"column":24},"end":{"line":77,"column":54}},"locations":[{"start":{"line":77,"column":24},"end":{"line":77,"column":54}}]},"44":{"type":"branch","line":85,"loc":{"start":{"line":85,"column":7},"end":{"line":91,"column":1}},"locations":[{"start":{"line":85,"column":7},"end":{"line":91,"column":1}}]},"45":{"type":"branch","line":86,"loc":{"start":{"line":86,"column":31},"end":{"line":89,"column":3}},"locations":[{"start":{"line":86,"column":31},"end":{"line":89,"column":3}}]},"46":{"type":"branch","line":88,"loc":{"start":{"line":88,"column":21},"end":{"line":88,"column":47}},"locations":[{"start":{"line":88,"column":21},"end":{"line":88,"column":47}}]},"47":{"type":"branch","line":88,"loc":{"start":{"line":88,"column":47},"end":{"line":88,"column":56}},"locations":[{"start":{"line":88,"column":47},"end":{"line":88,"column":56}}]},"48":{"type":"branch","line":89,"loc":{"start":{"line":89,"column":2},"end":{"line":91,"column":1}},"locations":[{"start":{"line":89,"column":2},"end":{"line":91,"column":1}}]},"49":{"type":"branch","line":93,"loc":{"start":{"line":93,"column":7},"end":{"line":102,"column":1}},"locations":[{"start":{"line":93,"column":7},"end":{"line":102,"column":1}}]},"50":{"type":"branch","line":97,"loc":{"start":{"line":97,"column":26},"end":{"line":100,"column":3}},"locations":[{"start":{"line":97,"column":26},"end":{"line":100,"column":3}}]},"51":{"type":"branch","line":99,"loc":{"start":{"line":99,"column":21},"end":{"line":99,"column":47}},"locations":[{"start":{"line":99,"column":21},"end":{"line":99,"column":47}}]},"52":{"type":"branch","line":99,"loc":{"start":{"line":99,"column":47},"end":{"line":99,"column":56}},"locations":[{"start":{"line":99,"column":47},"end":{"line":99,"column":56}}]},"53":{"type":"branch","line":100,"loc":{"start":{"line":100,"column":2},"end":{"line":102,"column":1}},"locations":[{"start":{"line":100,"column":2},"end":{"line":102,"column":1}}]},"54":{"type":"branch","line":104,"loc":{"start":{"line":104,"column":0},"end":{"line":106,"column":1}},"locations":[{"start":{"line":104,"column":0},"end":{"line":106,"column":1}}]},"55":{"type":"branch","line":105,"loc":{"start":{"line":105,"column":31},"end":{"line":105,"column":71}},"locations":[{"start":{"line":105,"column":31},"end":{"line":105,"column":71}}]}},"b":{"0":[31],"1":[9],"2":[13],"3":[4],"4":[11],"5":[10],"6":[3],"7":[11],"8":[3],"9":[2],"10":[1],"11":[1],"12":[10],"13":[8],"14":[7],"15":[7],"16":[10],"17":[2],"18":[0],"19":[6],"20":[4],"21":[10],"22":[2],"23":[1],"24":[1],"25":[1],"26":[1],"27":[4],"28":[3],"29":[10],"30":[1],"31":[0],"32":[0],"33":[3],"34":[1],"35":[1],"36":[10],"37":[2],"38":[1],"39":[1],"40":[0],"41":[1],"42":[0],"43":[1],"44":[26],"45":[89],"46":[13],"47":[12],"48":[14],"49":[44],"50":[52],"51":[11],"52":[10],"53":[34],"54":[3],"55":[0]},"fnMap":{"0":{"name":"createActivity","decl":{"start":{"line":12,"column":7},"end":{"line":20,"column":1}},"loc":{"start":{"line":12,"column":7},"end":{"line":20,"column":1}},"line":12},"1":{"name":"mergeActivity","decl":{"start":{"line":26,"column":7},"end":{"line":32,"column":1}},"loc":{"start":{"line":26,"column":7},"end":{"line":32,"column":1}},"line":26},"2":{"name":"buildToolActivity","decl":{"start":{"line":39,"column":7},"end":{"line":79,"column":1}},"loc":{"start":{"line":39,"column":7},"end":{"line":79,"column":1}},"line":39},"3":{"name":"extractPathArg","decl":{"start":{"line":85,"column":7},"end":{"line":91,"column":1}},"loc":{"start":{"line":85,"column":7},"end":{"line":91,"column":1}},"line":85},"4":{"name":"extractStringArg","decl":{"start":{"line":93,"column":7},"end":{"line":102,"column":1}},"loc":{"start":{"line":93,"column":7},"end":{"line":102,"column":1}},"line":93},"5":{"name":"clip","decl":{"start":{"line":104,"column":0},"end":{"line":106,"column":1}},"loc":{"start":{"line":104,"column":0},"end":{"line":106,"column":1}},"line":104}},"f":{"0":31,"1":13,"2":11,"3":26,"4":44,"5":3}}
,"/Users/eduardomendonca/projetos/cappy/webview/src/domain/services/MessageService.ts": {"path":"/Users/eduardomendonca/projetos/cappy/webview/src/domain/services/MessageService.ts","all":false,"statementMap":{"0":{"start":{"line":1,"column":0},"end":{"line":1,"column":3}},"14":{"start":{"line":15,"column":0},"end":{"line":15,"column":85}},"15":{"start":{"line":16,"column":0},"end":{"line":16,"column":42}},"16":{"start":{"line":17,"column":0},"end":{"line":17,"column":45}},"17":{"start":{"line":18,"column":0},"end":{"line":18,"column":43}},"18":{"start":{"line":19,"column":0},"end":{"line":19,"column":64}},"19":{"start":{"line":20,"column":0},"end":{"line":20,"column":3}},"20":{"start":{"line":21,"column":0},"end":{"line":21,"column":85}},"21":{"start":{"line":22,"column":0},"end":{"line":22,"column":1}},"29":{"start":{"line":30,"column":0},"end":{"line":30,"column":37}},"30":{"start":{"line":31,"column":0},"end":{"line":31,"column":22}},"31":{"start":{"line":32,"column":0},"end":{"line":32,"column":16}},"32":{"start":{"line":33,"column":0},"end":{"line":33,"column":24}},"33":{"start":{"line":34,"column":0},"end":{"line":34,"column":29}},"34":{"start":{"line":35,"column":0},"end":{"line":35,"column":14}},"35":{"start":{"line":36,"column":0},"end":{"line":36,"column":57}},"36":{"start":{"line":37,"column":0},"end":{"line":37,"column":45}},"37":{"start":{"line":38,"column":0},"end":{"line":38,"column":86}},"38":{"start":{"line":39,"column":0},"end":{"line":39,"column":85}},"39":{"start":{"line":40,"column":0},"end":{"line":40,"column":1}},"44":{"start":{"line":45,"column":0},"end":{"line":45,"column":69}},"45":{"start":{"line":46,"column":0},"end":{"line":46,"column":50}},"46":{"start":{"line":47,"column":0},"end":{"line":47,"column":75}},"47":{"start":{"line":48,"column":0},"end":{"line":48,"column":68}},"48":{"start":{"line":49,"column":0},"end":{"line":49,"column":50}},"49":{"start":{"line":50,"column":0},"end":{"line":50,"column":55}},"50":{"start":{"line":51,"column":0},"end":{"line":51,"column":46}},"51":{"start":{"line":52,"column":0},"end":{"line":52,"column":14}},"52":{"start":{"line":53,"column":0},"end":{"line":53,"column":1}},"57":{"start":{"line":58,"column":0},"end":{"line":58,"column":61}},"58":{"start":{"line":59,"column":0},"end":{"line":59,"column":26}},"59":{"start":{"line":60,"column":0},"end":{"line":60,"column":56}},"60":{"start":{"line":61,"column":0},"end":{"line":61,"column":58}},"61":{"start":{"line":62,"column":0},"end":{"line":62,"column":1}},"65":{"start":{"line":66,"column":0},"end":{"line":66,"column":51}},"66":{"start":{"line":67,"column":0},"end":{"line":67,"column":71}},"67":{"start":{"line":68,"column":0},"end":{"line":68,"column":1}}},"s":{"0":1,"14":1,"15":9,"16":8,"17":9,"18":4,"19":4,"20":4,"21":4,"29":1,"30":17,"31":17,"32":17,"33":17,"34":17,"35":17,"36":17,"37":17,"38":17,"39":17,"44":1,"45":9,"46":9,"47":9,"48":9,"49":9,"50":9,"51":1,"52":1,"57":1,"58":8,"59":8,"60":6,"61":6,"65":14,"66":14,"67":14},"branchMap":{"0":{"type":"branch","line":15,"loc":{"start":{"line":15,"column":7},"end":{"line":22,"column":1}},"locations":[{"start":{"line":15,"column":7},"end":{"line":22,"column":1}}]},"1":{"type":"branch","line":16,"loc":{"start":{"line":16,"column":26},"end":{"line":16,"column":42}},"locations":[{"start":{"line":16,"column":26},"end":{"line":16,"column":42}}]},"2":{"type":"branch","line":16,"loc":{"start":{"line":16,"column":33},"end":{"line":18,"column":15}},"locations":[{"start":{"line":16,"column":33},"end":{"line":18,"column":15}}]},"3":{"type":"branch","line":18,"loc":{"start":{"line":18,"column":7},"end":{"line":18,"column":42}},"locations":[{"start":{"line":18,"column":7},"end":{"line":18,"column":42}}]},"4":{"type":"branch","line":18,"loc":{"start":{"line":18,"column":42},"end":{"line":22,"column":1}},"locations":[{"start":{"line":18,"column":42},"end":{"line":22,"column":1}}]},"5":{"type":"branch","line":30,"loc":{"start":{"line":30,"column":7},"end":{"line":40,"column":1}},"locations":[{"start":{"line":30,"column":7},"end":{"line":40,"column":1}}]},"6":{"type":"branch","line":36,"loc":{"start":{"line":36,"column":18},"end":{"line":36,"column":51}},"locations":[{"start":{"line":36,"column":18},"end":{"line":36,"column":51}}]},"7":{"type":"branch","line":36,"loc":{"start":{"line":36,"column":46},"end":{"line":36,"column":57}},"locations":[{"start":{"line":36,"column":46},"end":{"line":36,"column":57}}]},"8":{"type":"branch","line":38,"loc":{"start":{"line":38,"column":6},"end":{"line":38,"column":21}},"locations":[{"start":{"line":38,"column":6},"end":{"line":38,"column":21}}]},"9":{"type":"branch","line":38,"loc":{"start":{"line":38,"column":21},"end":{"line":38,"column":59}},"locations":[{"start":{"line":38,"column":21},"end":{"line":38,"column":59}}]},"10":{"type":"branch","line":38,"loc":{"start":{"line":38,"column":48},"end":{"line":38,"column":70}},"locations":[{"start":{"line":38,"column":48},"end":{"line":38,"column":70}}]},"11":{"type":"branch","line":38,"loc":{"start":{"line":38,"column":70},"end":{"line":38,"column":86}},"locations":[{"start":{"line":38,"column":70},"end":{"line":38,"column":86}}]},"12":{"type":"branch","line":38,"loc":{"start":{"line":38,"column":77},"end":{"line":39,"column":63}},"locations":[{"start":{"line":38,"column":77},"end":{"line":39,"column":63}}]},"13":{"type":"branch","line":39,"loc":{"start":{"line":39,"column":52},"end":{"line":39,"column":78}},"locations":[{"start":{"line":39,"column":52},"end":{"line":39,"column":78}}]},"14":{"type":"branch","line":39,"loc":{"start":{"line":39,"column":74},"end":{"line":39,"column":82}},"locations":[{"start":{"line":39,"column":74},"end":{"line":39,"column":82}}]},"15":{"type":"branch","line":45,"loc":{"start":{"line":45,"column":7},"end":{"line":53,"column":1}},"locations":[{"start":{"line":45,"column":7},"end":{"line":53,"column":1}}]},"16":{"type":"branch","line":49,"loc":{"start":{"line":49,"column":13},"end":{"line":49,"column":50}},"locations":[{"start":{"line":49,"column":13},"end":{"line":49,"column":50}}]},"17":{"type":"branch","line":49,"loc":{"start":{"line":49,"column":47},"end":{"line":50,"column":22}},"locations":[{"start":{"line":49,"column":47},"end":{"line":50,"column":22}}]},"18":{"type":"branch","line":50,"loc":{"start":{"line":50,"column":15},"end":{"line":50,"column":55}},"locations":[{"start":{"line":50,"column":15},"end":{"line":50,"column":55}}]},"19":{"type":"branch","line":50,"loc":{"start":{"line":50,"column":52},"end":{"line":51,"column":19}},"locations":[{"start":{"line":50,"column":52},"end":{"line":51,"column":19}}]},"20":{"type":"branch","line":51,"loc":{"start":{"line":51,"column":12},"end":{"line":53,"column":1}},"locations":[{"start":{"line":51,"column":12},"end":{"line":53,"column":1}}]},"21":{"type":"branch","line":51,"loc":{"start":{"line":51,"column":43},"end":{"line":53,"column":1}},"locations":[{"start":{"line":51,"column":43},"end":{"line":53,"column":1}}]},"22":{"type":"branch","line":58,"loc":{"start":{"line":58,"column":7},"end":{"line":62,"column":1}},"locations":[{"start":{"line":58,"column":7},"end":{"line":62,"column":1}}]},"23":{"type":"branch","line":60,"loc":{"start":{"line":60,"column":22},"end":{"line":60,"column":56}},"locations":[{"start":{"line":60,"column":22},"end":{"line":60,"column":56}}]},"24":{"type":"branch","line":60,"loc":{"start":{"line":60,"column":29},"end":{"line":62,"column":1}},"locations":[{"start":{"line":60,"column":29},"end":{"line":62,"column":1}}]},"25":{"type":"branch","line":66,"loc":{"start":{"line":66,"column":0},"end":{"line":68,"column":1}},"locations":[{"start":{"line":66,"column":0},"end":{"line":68,"column":1}}]},"26":{"type":"branch","line":67,"loc":{"start":{"line":67,"column":25},"end":{"line":67,"column":39}},"locations":[{"start":{"line":67,"column":25},"end":{"line":67,"column":39}}]},"27":{"type":"branch","line":67,"loc":{"start":{"line":67,"column":31},"end":{"line":67,"column":71}},"locations":[{"start":{"line":67,"column":31},"end":{"line":67,"column":71}}]}},"b":{"0":[9],"1":[1],"2":[8],"3":[5],"4":[4],"5":[17],"6":[16],"7":[1],"8":[3],"9":[3],"10":[2],"11":[1],"12":[16],"13":[4],"14":[12],"15":[9],"16":[4],"17":[5],"18":[1],"19":[4],"20":[3],"21":[1],"22":[8],"23":[2],"24":[6],"25":[14],"26":[12],"27":[2]},"fnMap":{"0":{"name":"appendAssistantToken","decl":{"start":{"line":15,"column":7},"end":{"line":22,"column":1}},"loc":{"start":{"line":15,"column":7},"end":{"line":22,"column":1}},"line":15},"1":{"name":"appendToolLogMessage","decl":{"start":{"line":30,"column":7},"end":{"line":40,"column":1}},"loc":{"start":{"line":30,"column":7},"end":{"line":40,"column":1}},"line":30},"2":{"name":"getToolLogDetail","decl":{"start":{"line":45,"column":7},"end":{"line":53,"column":1}},"loc":{"start":{"line":45,"column":7},"end":{"line":53,"column":1}},"line":45},"3":{"name":"summarizeToolResult","decl":{"start":{"line":58,"column":7},"end":{"line":62,"column":1}},"loc":{"start":{"line":58,"column":7},"end":{"line":62,"column":1}},"line":58},"4":{"name":"clip","decl":{"start":{"line":66,"column":0},"end":{"line":68,"column":1}},"loc":{"start":{"line":66,"column":0},"end":{"line":68,"column":1}},"line":66}},"f":{"0":9,"1":17,"2":9,"3":8,"4":14}}
,"/Users/eduardomendonca/projetos/cappy/webview/src/domain/services/ShellLogService.ts": {"path":"/Users/eduardomendonca/projetos/cappy/webview/src/domain/services/ShellLogService.ts","all":false,"statementMap":{"8":{"start":{"line":9,"column":0},"end":{"line":9,"column":73}},"9":{"start":{"line":10,"column":0},"end":{"line":10,"column":47}},"10":{"start":{"line":11,"column":0},"end":{"line":11,"column":36}},"11":{"start":{"line":12,"column":0},"end":{"line":12,"column":1}},"17":{"start":{"line":18,"column":0},"end":{"line":18,"column":43}},"21":{"start":{"line":22,"column":0},"end":{"line":22,"column":12}},"22":{"start":{"line":23,"column":0},"end":{"line":23,"column":66}},"23":{"start":{"line":24,"column":0},"end":{"line":24,"column":33}},"24":{"start":{"line":25,"column":0},"end":{"line":25,"column":3}},"25":{"start":{"line":26,"column":0},"end":{"line":26,"column":17}},"26":{"start":{"line":27,"column":0},"end":{"line":27,"column":31}},"27":{"start":{"line":28,"column":0},"end":{"line":28,"column":75}},"28":{"start":{"line":29,"column":0},"end":{"line":29,"column":3}},"29":{"start":{"line":30,"column":0},"end":{"line":30,"column":31}},"30":{"start":{"line":31,"column":0},"end":{"line":31,"column":28}},"31":{"start":{"line":32,"column":0},"end":{"line":32,"column":75}},"32":{"start":{"line":33,"column":0},"end":{"line":33,"column":3}},"33":{"start":{"line":34,"column":0},"end":{"line":34,"column":15}},"34":{"start":{"line":35,"column":0},"end":{"line":35,"column":1}}},"s":{"8":1,"9":4,"10":4,"11":4,"17":1,"21":10,"22":10,"23":2,"24":2,"25":8,"26":9,"27":6,"28":6,"29":10,"30":2,"31":2,"32":2,"33":8,"34":8},"branchMap":{"0":{"type":"branch","line":9,"loc":{"start":{"line":9,"column":7},"end":{"line":12,"column":1}},"locations":[{"start":{"line":9,"column":7},"end":{"line":12,"column":1}}]},"1":{"type":"branch","line":10,"loc":{"start":{"line":10,"column":18},"end":{"line":10,"column":44}},"locations":[{"start":{"line":10,"column":18},"end":{"line":10,"column":44}}]},"2":{"type":"branch","line":10,"loc":{"start":{"line":10,"column":37},"end":{"line":10,"column":47}},"locations":[{"start":{"line":10,"column":37},"end":{"line":10,"column":47}}]},"3":{"type":"branch","line":18,"loc":{"start":{"line":18,"column":7},"end":{"line":35,"column":1}},"locations":[{"start":{"line":18,"column":7},"end":{"line":35,"column":1}}]},"4":{"type":"branch","line":23,"loc":{"start":{"line":23,"column":25},"end":{"line":23,"column":65}},"locations":[{"start":{"line":23,"column":25},"end":{"line":23,"column":65}}]},"5":{"type":"branch","line":23,"loc":{"start":{"line":23,"column":65},"end":{"line":29,"column":3}},"locations":[{"start":{"line":23,"column":65},"end":{"line":29,"column":3}}]},"6":{"type":"branch","line":23,"loc":{"start":{"line":23,"column":65},"end":{"line":25,"column":3}},"locations":[{"start":{"line":23,"column":65},"end":{"line":25,"column":3}}]},"7":{"type":"branch","line":25,"loc":{"start":{"line":25,"column":2},"end":{"line":27,"column":30}},"locations":[{"start":{"line":25,"column":2},"end":{"line":27,"column":30}}]},"8":{"type":"branch","line":27,"loc":{"start":{"line":27,"column":30},"end":{"line":29,"column":3}},"locations":[{"start":{"line":27,"column":30},"end":{"line":29,"column":3}}]},"9":{"type":"branch","line":28,"loc":{"start":{"line":28,"column":38},"end":{"line":28,"column":56}},"locations":[{"start":{"line":28,"column":38},"end":{"line":28,"column":56}}]},"10":{"type":"branch","line":28,"loc":{"start":{"line":28,"column":47},"end":{"line":28,"column":75}},"locations":[{"start":{"line":28,"column":47},"end":{"line":28,"column":75}}]},"11":{"type":"branch","line":29,"loc":{"start":{"line":29,"column":2},"end":{"line":30,"column":30}},"locations":[{"start":{"line":29,"column":2},"end":{"line":30,"column":30}}]},"12":{"type":"branch","line":30,"loc":{"start":{"line":30,"column":30},"end":{"line":33,"column":3}},"locations":[{"start":{"line":30,"column":30},"end":{"line":33,"column":3}}]},"13":{"type":"branch","line":32,"loc":{"start":{"line":32,"column":38},"end":{"line":32,"column":56}},"locations":[{"start":{"line":32,"column":38},"end":{"line":32,"column":56}}]},"14":{"type":"branch","line":33,"loc":{"start":{"line":33,"column":2},"end":{"line":35,"column":1}},"locations":[{"start":{"line":33,"column":2},"end":{"line":35,"column":1}}]}},"b":{"0":[4],"1":[2],"2":[2],"3":[10],"4":[3],"5":[9],"6":[2],"7":[8],"8":[6],"9":[2],"10":[4],"11":[8],"12":[2],"13":[0],"14":[8]},"fnMap":{"0":{"name":"formatShellStart","decl":{"start":{"line":9,"column":7},"end":{"line":12,"column":1}},"loc":{"start":{"line":9,"column":7},"end":{"line":12,"column":1}},"line":9},"1":{"name":"formatShellComplete","decl":{"start":{"line":18,"column":7},"end":{"line":35,"column":1}},"loc":{"start":{"line":18,"column":7},"end":{"line":35,"column":1}},"line":18}},"f":{"0":4,"1":10}}
,"/Users/eduardomendonca/projetos/cappy/webview/src/hooks/useChatReducer.ts": {"path":"/Users/eduardomendonca/projetos/cappy/webview/src/hooks/useChatReducer.ts","all":false,"statementMap":{"0":{"start":{"line":1,"column":0},"end":{"line":1,"column":3}},"48":{"start":{"line":49,"column":0},"end":{"line":49,"column":78}},"49":{"start":{"line":50,"column":0},"end":{"line":50,"column":24}},"50":{"start":{"line":51,"column":0},"end":{"line":51,"column":22}},"51":{"start":{"line":52,"column":0},"end":{"line":52,"column":14}},"52":{"start":{"line":53,"column":0},"end":{"line":53,"column":17}},"53":{"start":{"line":54,"column":0},"end":{"line":54,"column":34}},"54":{"start":{"line":55,"column":0},"end":{"line":55,"column":26}},"55":{"start":{"line":56,"column":0},"end":{"line":56,"column":27}},"56":{"start":{"line":57,"column":0},"end":{"line":57,"column":32}},"57":{"start":{"line":58,"column":0},"end":{"line":58,"column":68}},"58":{"start":{"line":59,"column":0},"end":{"line":59,"column":8}},"60":{"start":{"line":61,"column":0},"end":{"line":61,"column":16}},"61":{"start":{"line":62,"column":0},"end":{"line":62,"column":62}},"63":{"start":{"line":64,"column":0},"end":{"line":64,"column":25}},"64":{"start":{"line":65,"column":0},"end":{"line":65,"column":14}},"65":{"start":{"line":66,"column":0},"end":{"line":66,"column":30}},"66":{"start":{"line":67,"column":0},"end":{"line":67,"column":51}},"67":{"start":{"line":68,"column":0},"end":{"line":68,"column":43}},"68":{"start":{"line":69,"column":0},"end":{"line":69,"column":8}},"70":{"start":{"line":71,"column":0},"end":{"line":71,"column":24}},"71":{"start":{"line":72,"column":0},"end":{"line":72,"column":14}},"72":{"start":{"line":73,"column":0},"end":{"line":73,"column":17}},"73":{"start":{"line":74,"column":0},"end":{"line":74,"column":26}},"74":{"start":{"line":75,"column":0},"end":{"line":75,"column":32}},"75":{"start":{"line":76,"column":0},"end":{"line":76,"column":93}},"76":{"start":{"line":77,"column":0},"end":{"line":77,"column":69}},"77":{"start":{"line":78,"column":0},"end":{"line":78,"column":8}},"79":{"start":{"line":80,"column":0},"end":{"line":80,"column":23}},"80":{"start":{"line":81,"column":0},"end":{"line":81,"column":62}},"82":{"start":{"line":83,"column":0},"end":{"line":83,"column":25}},"83":{"start":{"line":84,"column":0},"end":{"line":84,"column":14}},"84":{"start":{"line":85,"column":0},"end":{"line":85,"column":17}},"85":{"start":{"line":86,"column":0},"end":{"line":86,"column":91}},"86":{"start":{"line":87,"column":0},"end":{"line":87,"column":8}},"88":{"start":{"line":89,"column":0},"end":{"line":89,"column":26}},"89":{"start":{"line":90,"column":0},"end":{"line":90,"column":44}},"90":{"start":{"line":91,"column":0},"end":{"line":91,"column":31}},"91":{"start":{"line":92,"column":0},"end":{"line":92,"column":27}},"92":{"start":{"line":93,"column":0},"end":{"line":93,"column":77}},"93":{"start":{"line":94,"column":0},"end":{"line":94,"column":46}},"94":{"start":{"line":95,"column":0},"end":{"line":95,"column":11}},"95":{"start":{"line":96,"column":0},"end":{"line":96,"column":25}},"96":{"start":{"line":97,"column":0},"end":{"line":97,"column":77}},"97":{"start":{"line":98,"column":0},"end":{"line":98,"column":38}},"98":{"start":{"line":99,"column":0},"end":{"line":99,"column":7}},"99":{"start":{"line":100,"column":0},"end":{"line":100,"column":98}},"100":{"start":{"line":101,"column":0},"end":{"line":101,"column":5}},"102":{"start":{"line":103,"column":0},"end":{"line":103,"column":26}},"103":{"start":{"line":104,"column":0},"end":{"line":104,"column":14}},"104":{"start":{"line":105,"column":0},"end":{"line":105,"column":17}},"105":{"start":{"line":106,"column":0},"end":{"line":106,"column":32}},"106":{"start":{"line":107,"column":0},"end":{"line":107,"column":84}},"107":{"start":{"line":108,"column":0},"end":{"line":108,"column":39}},"108":{"start":{"line":109,"column":0},"end":{"line":109,"column":25}},"109":{"start":{"line":110,"column":0},"end":{"line":110,"column":56}},"110":{"start":{"line":111,"column":0},"end":{"line":111,"column":44}},"111":{"start":{"line":112,"column":0},"end":{"line":112,"column":10}},"112":{"start":{"line":113,"column":0},"end":{"line":113,"column":8}},"114":{"start":{"line":115,"column":0},"end":{"line":115,"column":23}},"115":{"start":{"line":116,"column":0},"end":{"line":116,"column":14}},"116":{"start":{"line":117,"column":0},"end":{"line":117,"column":17}},"117":{"start":{"line":118,"column":0},"end":{"line":118,"column":32}},"118":{"start":{"line":119,"column":0},"end":{"line":119,"column":32}},"119":{"start":{"line":120,"column":0},"end":{"line":120,"column":25}},"120":{"start":{"line":121,"column":0},"end":{"line":121,"column":94}},"121":{"start":{"line":122,"column":0},"end":{"line":122,"column":10}},"122":{"start":{"line":123,"column":0},"end":{"line":123,"column":39}},"123":{"start":{"line":124,"column":0},"end":{"line":124,"column":25}},"124":{"start":{"line":125,"column":0},"end":{"line":125,"column":62}},"125":{"start":{"line":126,"column":0},"end":{"line":126,"column":45}},"126":{"start":{"line":127,"column":0},"end":{"line":127,"column":26}},"127":{"start":{"line":128,"column":0},"end":{"line":128,"column":10}},"128":{"start":{"line":129,"column":0},"end":{"line":129,"column":92}},"129":{"start":{"line":130,"column":0},"end":{"line":130,"column":8}},"131":{"start":{"line":132,"column":0},"end":{"line":132,"column":25}},"132":{"start":{"line":133,"column":0},"end":{"line":133,"column":14}},"133":{"start":{"line":134,"column":0},"end":{"line":134,"column":17}},"134":{"start":{"line":135,"column":0},"end":{"line":135,"column":32}},"135":{"start":{"line":136,"column":0},"end":{"line":136,"column":32}},"136":{"start":{"line":137,"column":0},"end":{"line":137,"column":25}},"137":{"start":{"line":138,"column":0},"end":{"line":138,"column":96}},"138":{"start":{"line":139,"column":0},"end":{"line":139,"column":10}},"139":{"start":{"line":140,"column":0},"end":{"line":140,"column":39}},"140":{"start":{"line":141,"column":0},"end":{"line":141,"column":25}},"141":{"start":{"line":142,"column":0},"end":{"line":142,"column":66}},"142":{"start":{"line":143,"column":0},"end":{"line":143,"column":49}},"143":{"start":{"line":144,"column":0},"end":{"line":144,"column":10}},"144":{"start":{"line":145,"column":0},"end":{"line":145,"column":92}},"145":{"start":{"line":146,"column":0},"end":{"line":146,"column":8}},"147":{"start":{"line":148,"column":0},"end":{"line":148,"column":25}},"148":{"start":{"line":149,"column":0},"end":{"line":149,"column":56}},"150":{"start":{"line":151,"column":0},"end":{"line":151,"column":25}},"151":{"start":{"line":152,"column":0},"end":{"line":152,"column":57}},"153":{"start":{"line":154,"column":0},"end":{"line":154,"column":17}},"154":{"start":{"line":155,"column":0},"end":{"line":155,"column":14}},"155":{"start":{"line":156,"column":0},"end":{"line":156,"column":17}},"156":{"start":{"line":157,"column":0},"end":{"line":157,"column":27}},"157":{"start":{"line":158,"column":0},"end":{"line":158,"column":37}},"158":{"start":{"line":159,"column":0},"end":{"line":159,"column":30}},"159":{"start":{"line":160,"column":0},"end":{"line":160,"column":74}},"160":{"start":{"line":161,"column":0},"end":{"line":161,"column":8}},"162":{"start":{"line":163,"column":0},"end":{"line":163,"column":23}},"163":{"start":{"line":164,"column":0},"end":{"line":164,"column":14}},"164":{"start":{"line":165,"column":0},"end":{"line":165,"column":17}},"165":{"start":{"line":166,"column":0},"end":{"line":166,"column":90}},"166":{"start":{"line":167,"column":0},"end":{"line":167,"column":8}},"168":{"start":{"line":169,"column":0},"end":{"line":169,"column":26}},"169":{"start":{"line":170,"column":0},"end":{"line":170,"column":14}},"170":{"start":{"line":171,"column":0},"end":{"line":171,"column":17}},"171":{"start":{"line":172,"column":0},"end":{"line":172,"column":22}},"172":{"start":{"line":173,"column":0},"end":{"line":173,"column":31}},"173":{"start":{"line":174,"column":0},"end":{"line":174,"column":31}},"174":{"start":{"line":175,"column":0},"end":{"line":175,"column":34}},"175":{"start":{"line":176,"column":0},"end":{"line":176,"column":34}},"176":{"start":{"line":177,"column":0},"end":{"line":177,"column":87}},"177":{"start":{"line":178,"column":0},"end":{"line":178,"column":13}},"178":{"start":{"line":179,"column":0},"end":{"line":179,"column":8}},"180":{"start":{"line":181,"column":0},"end":{"line":181,"column":23}},"181":{"start":{"line":182,"column":0},"end":{"line":182,"column":53}},"183":{"start":{"line":184,"column":0},"end":{"line":184,"column":26}},"184":{"start":{"line":185,"column":0},"end":{"line":185,"column":45}},"185":{"start":{"line":186,"column":0},"end":{"line":186,"column":14}},"186":{"start":{"line":187,"column":0},"end":{"line":187,"column":17}},"187":{"start":{"line":188,"column":0},"end":{"line":188,"column":24}},"188":{"start":{"line":189,"column":0},"end":{"line":189,"column":33}},"189":{"start":{"line":190,"column":0},"end":{"line":190,"column":83}},"190":{"start":{"line":191,"column":0},"end":{"line":191,"column":10}},"191":{"start":{"line":192,"column":0},"end":{"line":192,"column":8}},"192":{"start":{"line":193,"column":0},"end":{"line":193,"column":5}},"194":{"start":{"line":195,"column":0},"end":{"line":195,"column":28}},"195":{"start":{"line":196,"column":0},"end":{"line":196,"column":84}},"196":{"start":{"line":197,"column":0},"end":{"line":197,"column":78}},"198":{"start":{"line":199,"column":0},"end":{"line":199,"column":31}},"199":{"start":{"line":200,"column":0},"end":{"line":200,"column":98}},"201":{"start":{"line":202,"column":0},"end":{"line":202,"column":12}},"202":{"start":{"line":203,"column":0},"end":{"line":203,"column":19}},"203":{"start":{"line":204,"column":0},"end":{"line":204,"column":3}},"204":{"start":{"line":205,"column":0},"end":{"line":205,"column":1}},"208":{"start":{"line":209,"column":0},"end":{"line":209,"column":85}},"209":{"start":{"line":210,"column":0},"end":{"line":210,"column":53}},"210":{"start":{"line":211,"column":0},"end":{"line":211,"column":1}}},"s":{"0":1,"48":1,"49":36,"50":36,"51":1,"52":1,"53":1,"54":1,"55":1,"56":1,"57":1,"58":1,"60":36,"61":1,"63":36,"64":2,"65":2,"66":2,"67":2,"68":2,"70":36,"71":3,"72":3,"73":3,"74":3,"75":3,"76":3,"77":3,"79":36,"80":1,"82":36,"83":1,"84":1,"85":1,"86":1,"88":36,"89":6,"90":1,"91":1,"92":1,"93":1,"94":1,"95":5,"96":6,"97":1,"98":1,"99":5,"100":5,"102":36,"103":1,"104":1,"105":1,"106":1,"107":1,"108":1,"109":1,"110":1,"111":1,"112":1,"114":36,"115":3,"116":3,"117":3,"118":3,"119":3,"120":3,"121":3,"122":3,"123":3,"124":3,"125":3,"126":3,"127":3,"128":3,"129":3,"131":36,"132":2,"133":2,"134":2,"135":2,"136":2,"137":2,"138":2,"139":2,"140":2,"141":2,"142":2,"143":2,"144":2,"145":2,"147":36,"148":1,"150":36,"151":1,"153":36,"154":1,"155":1,"156":1,"157":1,"158":1,"159":1,"160":1,"162":36,"163":1,"164":1,"165":1,"166":1,"168":36,"169":2,"170":2,"171":2,"172":2,"173":2,"174":2,"175":2,"176":2,"177":2,"178":2,"180":36,"181":1,"183":36,"184":2,"185":1,"186":1,"187":1,"188":1,"189":1,"190":1,"191":1,"192":1,"194":36,"195":4,"196":3,"198":36,"199":1,"201":36,"202":1,"203":36,"204":36,"208":1,"209":0,"210":0},"branchMap":{"0":{"type":"branch","line":49,"loc":{"start":{"line":49,"column":7},"end":{"line":205,"column":1}},"locations":[{"start":{"line":49,"column":7},"end":{"line":205,"column":1}}]},"1":{"type":"branch","line":51,"loc":{"start":{"line":51,"column":4},"end":{"line":59,"column":8}},"locations":[{"start":{"line":51,"column":4},"end":{"line":59,"column":8}}]},"2":{"type":"branch","line":61,"loc":{"start":{"line":61,"column":4},"end":{"line":62,"column":62}},"locations":[{"start":{"line":61,"column":4},"end":{"line":62,"column":62}}]},"3":{"type":"branch","line":64,"loc":{"start":{"line":64,"column":4},"end":{"line":69,"column":8}},"locations":[{"start":{"line":64,"column":4},"end":{"line":69,"column":8}}]},"4":{"type":"branch","line":71,"loc":{"start":{"line":71,"column":4},"end":{"line":78,"column":8}},"locations":[{"start":{"line":71,"column":4},"end":{"line":78,"column":8}}]},"5":{"type":"branch","line":80,"loc":{"start":{"line":80,"column":4},"end":{"line":81,"column":62}},"locations":[{"start":{"line":80,"column":4},"end":{"line":81,"column":62}}]},"6":{"type":"branch","line":83,"loc":{"start":{"line":83,"column":4},"end":{"line":87,"column":8}},"locations":[{"start":{"line":83,"column":4},"end":{"line":87,"column":8}}]},"7":{"type":"branch","line":89,"loc":{"start":{"line":89,"column":4},"end":{"line":101,"column":5}},"locations":[{"start":{"line":89,"column":4},"end":{"line":101,"column":5}}]},"8":{"type":"branch","line":90,"loc":{"start":{"line":90,"column":30},"end":{"line":95,"column":11}},"locations":[{"start":{"line":90,"column":30},"end":{"line":95,"column":11}}]},"9":{"type":"branch","line":95,"loc":{"start":{"line":95,"column":10},"end":{"line":96,"column":25}},"locations":[{"start":{"line":95,"column":10},"end":{"line":96,"column":25}}]},"10":{"type":"branch","line":97,"loc":{"start":{"line":97,"column":76},"end":{"line":99,"column":7}},"locations":[{"start":{"line":97,"column":76},"end":{"line":99,"column":7}}]},"11":{"type":"branch","line":99,"loc":{"start":{"line":99,"column":6},"end":{"line":101,"column":5}},"locations":[{"start":{"line":99,"column":6},"end":{"line":101,"column":5}}]},"12":{"type":"branch","line":103,"loc":{"start":{"line":103,"column":4},"end":{"line":113,"column":8}},"locations":[{"start":{"line":103,"column":4},"end":{"line":113,"column":8}}]},"13":{"type":"branch","line":115,"loc":{"start":{"line":115,"column":4},"end":{"line":130,"column":8}},"locations":[{"start":{"line":115,"column":4},"end":{"line":130,"column":8}}]},"14":{"type":"branch","line":132,"loc":{"start":{"line":132,"column":4},"end":{"line":146,"column":8}},"locations":[{"start":{"line":132,"column":4},"end":{"line":146,"column":8}}]},"15":{"type":"branch","line":148,"loc":{"start":{"line":148,"column":4},"end":{"line":149,"column":56}},"locations":[{"start":{"line":148,"column":4},"end":{"line":149,"column":56}}]},"16":{"type":"branch","line":151,"loc":{"start":{"line":151,"column":4},"end":{"line":152,"column":57}},"locations":[{"start":{"line":151,"column":4},"end":{"line":152,"column":57}}]},"17":{"type":"branch","line":154,"loc":{"start":{"line":154,"column":4},"end":{"line":161,"column":8}},"locations":[{"start":{"line":154,"column":4},"end":{"line":161,"column":8}}]},"18":{"type":"branch","line":163,"loc":{"start":{"line":163,"column":4},"end":{"line":167,"column":8}},"locations":[{"start":{"line":163,"column":4},"end":{"line":167,"column":8}}]},"19":{"type":"branch","line":169,"loc":{"start":{"line":169,"column":4},"end":{"line":179,"column":8}},"locations":[{"start":{"line":169,"column":4},"end":{"line":179,"column":8}}]},"20":{"type":"branch","line":177,"loc":{"start":{"line":177,"column":37},"end":{"line":177,"column":83}},"locations":[{"start":{"line":177,"column":37},"end":{"line":177,"column":83}}]},"21":{"type":"branch","line":177,"loc":{"start":{"line":177,"column":79},"end":{"line":177,"column":87}},"locations":[{"start":{"line":177,"column":79},"end":{"line":177,"column":87}}]},"22":{"type":"branch","line":181,"loc":{"start":{"line":181,"column":4},"end":{"line":182,"column":53}},"locations":[{"start":{"line":181,"column":4},"end":{"line":182,"column":53}}]},"23":{"type":"branch","line":184,"loc":{"start":{"line":184,"column":4},"end":{"line":193,"column":5}},"locations":[{"start":{"line":184,"column":4},"end":{"line":193,"column":5}}]},"24":{"type":"branch","line":185,"loc":{"start":{"line":185,"column":32},"end":{"line":193,"column":5}},"locations":[{"start":{"line":185,"column":32},"end":{"line":193,"column":5}}]},"25":{"type":"branch","line":195,"loc":{"start":{"line":195,"column":4},"end":{"line":197,"column":78}},"locations":[{"start":{"line":195,"column":4},"end":{"line":197,"column":78}}]},"26":{"type":"branch","line":196,"loc":{"start":{"line":196,"column":71},"end":{"line":196,"column":84}},"locations":[{"start":{"line":196,"column":71},"end":{"line":196,"column":84}}]},"27":{"type":"branch","line":196,"loc":{"start":{"line":196,"column":78},"end":{"line":197,"column":78}},"locations":[{"start":{"line":196,"column":78},"end":{"line":197,"column":78}}]},"28":{"type":"branch","line":199,"loc":{"start":{"line":199,"column":4},"end":{"line":200,"column":98}},"locations":[{"start":{"line":199,"column":4},"end":{"line":200,"column":98}}]},"29":{"type":"branch","line":202,"loc":{"start":{"line":202,"column":4},"end":{"line":203,"column":19}},"locations":[{"start":{"line":202,"column":4},"end":{"line":203,"column":19}}]},"30":{"type":"branch","line":97,"loc":{"start":{"line":97,"column":37},"end":{"line":97,"column":73}},"locations":[{"start":{"line":97,"column":37},"end":{"line":97,"column":73}}]},"31":{"type":"branch","line":129,"loc":{"start":{"line":129,"column":54},"end":{"line":129,"column":90}},"locations":[{"start":{"line":129,"column":54},"end":{"line":129,"column":90}}]},"32":{"type":"branch","line":145,"loc":{"start":{"line":145,"column":54},"end":{"line":145,"column":90}},"locations":[{"start":{"line":145,"column":54},"end":{"line":145,"column":90}}]},"33":{"type":"branch","line":196,"loc":{"start":{"line":196,"column":34},"end":{"line":196,"column":68}},"locations":[{"start":{"line":196,"column":34},"end":{"line":196,"column":68}}]},"34":{"type":"branch","line":200,"loc":{"start":{"line":200,"column":65},"end":{"line":200,"column":94}},"locations":[{"start":{"line":200,"column":65},"end":{"line":200,"column":94}}]}},"b":{"0":[36],"1":[1],"2":[1],"3":[2],"4":[3],"5":[1],"6":[1],"7":[6],"8":[1],"9":[5],"10":[1],"11":[5],"12":[1],"13":[3],"14":[2],"15":[1],"16":[1],"17":[1],"18":[1],"19":[2],"20":[1],"21":[1],"22":[1],"23":[2],"24":[1],"25":[4],"26":[1],"27":[3],"28":[1],"29":[1],"30":[1],"31":[1],"32":[1],"33":[1],"34":[1]},"fnMap":{"0":{"name":"chatReducer","decl":{"start":{"line":49,"column":7},"end":{"line":205,"column":1}},"loc":{"start":{"line":49,"column":7},"end":{"line":205,"column":1}},"line":49},"1":{"name":"useChatReducer","decl":{"start":{"line":209,"column":7},"end":{"line":211,"column":1}},"loc":{"start":{"line":209,"column":7},"end":{"line":211,"column":1}},"line":209}},"f":{"0":36,"1":0}}
,"/Users/eduardomendonca/projetos/cappy/webview/src/lib/hitlClassify.ts": {"path":"/Users/eduardomendonca/projetos/cappy/webview/src/lib/hitlClassify.ts","all":false,"statementMap":{"27":{"start":{"line":28,"column":0},"end":{"line":28,"column":53}},"28":{"start":{"line":29,"column":0},"end":{"line":29,"column":19}},"29":{"start":{"line":30,"column":0},"end":{"line":30,"column":21}},"30":{"start":{"line":31,"column":0},"end":{"line":31,"column":21}},"31":{"start":{"line":32,"column":0},"end":{"line":32,"column":18}},"32":{"start":{"line":33,"column":0},"end":{"line":33,"column":2}},"38":{"start":{"line":39,"column":0},"end":{"line":39,"column":65}},"40":{"start":{"line":41,"column":0},"end":{"line":41,"column":84}},"41":{"start":{"line":42,"column":0},"end":{"line":42,"column":84}},"42":{"start":{"line":43,"column":0},"end":{"line":43,"column":84}},"45":{"start":{"line":46,"column":0},"end":{"line":46,"column":94}},"46":{"start":{"line":47,"column":0},"end":{"line":47,"column":94}},"47":{"start":{"line":48,"column":0},"end":{"line":48,"column":85}},"50":{"start":{"line":51,"column":0},"end":{"line":51,"column":94}},"53":{"start":{"line":54,"column":0},"end":{"line":54,"column":83}},"56":{"start":{"line":57,"column":0},"end":{"line":57,"column":92}},"59":{"start":{"line":60,"column":0},"end":{"line":60,"column":95}},"62":{"start":{"line":63,"column":0},"end":{"line":63,"column":88}},"63":{"start":{"line":64,"column":0},"end":{"line":64,"column":88}},"64":{"start":{"line":65,"column":0},"end":{"line":65,"column":2}},"66":{"start":{"line":67,"column":0},"end":{"line":67,"column":38}},"67":{"start":{"line":68,"column":0},"end":{"line":68,"column":22}},"68":{"start":{"line":69,"column":0},"end":{"line":69,"column":17}},"69":{"start":{"line":70,"column":0},"end":{"line":70,"column":16}},"70":{"start":{"line":71,"column":0},"end":{"line":71,"column":2}},"75":{"start":{"line":76,"column":0},"end":{"line":76,"column":70}},"76":{"start":{"line":77,"column":0},"end":{"line":77,"column":49}},"77":{"start":{"line":78,"column":0},"end":{"line":78,"column":75}},"78":{"start":{"line":79,"column":0},"end":{"line":79,"column":1}}},"s":{"27":1,"28":1,"29":1,"30":1,"31":1,"32":1,"38":1,"40":1,"41":1,"42":1,"45":1,"46":1,"47":1,"50":1,"53":1,"56":1,"59":1,"62":1,"63":1,"64":1,"66":1,"67":1,"68":1,"69":1,"70":1,"75":1,"76":14,"77":14,"78":14},"branchMap":{"0":{"type":"branch","line":76,"loc":{"start":{"line":76,"column":7},"end":{"line":79,"column":1}},"locations":[{"start":{"line":76,"column":7},"end":{"line":79,"column":1}}]},"1":{"type":"branch","line":78,"loc":{"start":{"line":78,"column":32},"end":{"line":78,"column":75}},"locations":[{"start":{"line":78,"column":32},"end":{"line":78,"column":75}}]}},"b":{"0":[14],"1":[1]},"fnMap":{"0":{"name":"classifyHitl","decl":{"start":{"line":76,"column":7},"end":{"line":79,"column":1}},"loc":{"start":{"line":76,"column":7},"end":{"line":79,"column":1}},"line":76}},"f":{"0":14}}
,"/Users/eduardomendonca/projetos/cappy/webview/src/lib/hitlPresentation.ts": {"path":"/Users/eduardomendonca/projetos/cappy/webview/src/lib/hitlPresentation.ts","all":false,"statementMap":{"6":{"start":{"line":7,"column":0},"end":{"line":7,"column":81}},"11":{"start":{"line":12,"column":0},"end":{"line":12,"column":73}},"12":{"start":{"line":13,"column":0},"end":{"line":13,"column":69}},"13":{"start":{"line":14,"column":0},"end":{"line":14,"column":1}}},"s":{"6":1,"11":1,"12":9,"13":9},"branchMap":{"0":{"type":"branch","line":12,"loc":{"start":{"line":12,"column":7},"end":{"line":14,"column":1}},"locations":[{"start":{"line":12,"column":7},"end":{"line":14,"column":1}}]}},"b":{"0":[9]},"fnMap":{"0":{"name":"isTerminalHitlPresentation","decl":{"start":{"line":12,"column":7},"end":{"line":14,"column":1}},"loc":{"start":{"line":12,"column":7},"end":{"line":14,"column":1}},"line":12}},"f":{"0":9}}
,"/Users/eduardomendonca/projetos/cappy/webview/src/lib/mergeFileDiffs.ts": {"path":"/Users/eduardomendonca/projetos/cappy/webview/src/lib/mergeFileDiffs.ts","all":false,"statementMap":{"3":{"start":{"line":4,"column":0},"end":{"line":4,"column":33}},"8":{"start":{"line":9,"column":0},"end":{"line":9,"column":87}},"9":{"start":{"line":10,"column":0},"end":{"line":10,"column":54}},"10":{"start":{"line":11,"column":0},"end":{"line":11,"column":26}},"11":{"start":{"line":12,"column":0},"end":{"line":12,"column":23}},"12":{"start":{"line":13,"column":0},"end":{"line":13,"column":39}},"13":{"start":{"line":14,"column":0},"end":{"line":14,"column":17}},"14":{"start":{"line":15,"column":0},"end":{"line":15,"column":26}},"15":{"start":{"line":16,"column":0},"end":{"line":16,"column":3}},"16":{"start":{"line":17,"column":0},"end":{"line":17,"column":36}},"17":{"start":{"line":18,"column":0},"end":{"line":18,"column":35}},"18":{"start":{"line":19,"column":0},"end":{"line":19,"column":39}},"19":{"start":{"line":20,"column":0},"end":{"line":20,"column":3}},"20":{"start":{"line":21,"column":0},"end":{"line":21,"column":13}},"21":{"start":{"line":22,"column":0},"end":{"line":22,"column":1}},"23":{"start":{"line":24,"column":0},"end":{"line":24,"column":71}},"24":{"start":{"line":25,"column":0},"end":{"line":25,"column":30}},"25":{"start":{"line":26,"column":0},"end":{"line":26,"column":20}},"26":{"start":{"line":27,"column":0},"end":{"line":27,"column":20}},"27":{"start":{"line":28,"column":0},"end":{"line":28,"column":45}},"28":{"start":{"line":29,"column":0},"end":{"line":29,"column":37}},"30":{"start":{"line":31,"column":0},"end":{"line":31,"column":26}},"31":{"start":{"line":32,"column":0},"end":{"line":32,"column":29}},"32":{"start":{"line":33,"column":0},"end":{"line":33,"column":29}},"33":{"start":{"line":34,"column":0},"end":{"line":34,"column":30}},"34":{"start":{"line":35,"column":0},"end":{"line":35,"column":24}},"35":{"start":{"line":36,"column":0},"end":{"line":36,"column":14}},"36":{"start":{"line":37,"column":0},"end":{"line":37,"column":7}},"37":{"start":{"line":38,"column":0},"end":{"line":38,"column":44}},"38":{"start":{"line":39,"column":0},"end":{"line":39,"column":28}},"39":{"start":{"line":40,"column":0},"end":{"line":40,"column":36}},"40":{"start":{"line":41,"column":0},"end":{"line":41,"column":30}},"41":{"start":{"line":42,"column":0},"end":{"line":42,"column":7}},"42":{"start":{"line":43,"column":0},"end":{"line":43,"column":5}},"43":{"start":{"line":44,"column":0},"end":{"line":44,"column":3}},"45":{"start":{"line":46,"column":0},"end":{"line":46,"column":47}},"46":{"start":{"line":47,"column":0},"end":{"line":47,"column":1}}},"s":{"3":1,"8":1,"9":8,"10":8,"11":13,"12":13,"13":13,"14":13,"15":13,"16":8,"17":8,"18":9,"19":9,"20":8,"21":8,"23":9,"24":9,"25":9,"26":9,"27":9,"28":9,"30":9,"31":13,"32":13,"33":13,"34":13,"35":0,"36":0,"37":13,"38":13,"39":13,"40":13,"41":13,"42":13,"43":13,"45":9,"46":9},"branchMap":{"0":{"type":"branch","line":9,"loc":{"start":{"line":9,"column":7},"end":{"line":22,"column":1}},"locations":[{"start":{"line":9,"column":7},"end":{"line":22,"column":1}}]},"1":{"type":"branch","line":11,"loc":{"start":{"line":11,"column":25},"end":{"line":16,"column":3}},"locations":[{"start":{"line":11,"column":25},"end":{"line":16,"column":3}}]},"2":{"type":"branch","line":13,"loc":{"start":{"line":13,"column":31},"end":{"line":13,"column":39}},"locations":[{"start":{"line":13,"column":31},"end":{"line":13,"column":39}}]},"3":{"type":"branch","line":18,"loc":{"start":{"line":18,"column":34},"end":{"line":20,"column":3}},"locations":[{"start":{"line":18,"column":34},"end":{"line":20,"column":3}}]},"4":{"type":"branch","line":24,"loc":{"start":{"line":24,"column":0},"end":{"line":47,"column":1}},"locations":[{"start":{"line":24,"column":0},"end":{"line":47,"column":1}}]},"5":{"type":"branch","line":31,"loc":{"start":{"line":31,"column":25},"end":{"line":44,"column":3}},"locations":[{"start":{"line":31,"column":25},"end":{"line":44,"column":3}}]},"6":{"type":"branch","line":35,"loc":{"start":{"line":35,"column":23},"end":{"line":37,"column":7}},"locations":[{"start":{"line":35,"column":23},"end":{"line":37,"column":7}}]}},"b":{"0":[8],"1":[13],"2":[9],"3":[9],"4":[9],"5":[13],"6":[0]},"fnMap":{"0":{"name":"mergeFileDiffsForDisplay","decl":{"start":{"line":9,"column":7},"end":{"line":22,"column":1}},"loc":{"start":{"line":9,"column":7},"end":{"line":22,"column":1}},"line":9},"1":{"name":"mergeOneFileGroup","decl":{"start":{"line":24,"column":0},"end":{"line":47,"column":1}},"loc":{"start":{"line":24,"column":0},"end":{"line":47,"column":1}},"line":24}},"f":{"0":8,"1":9}}
}
